<?xml version="1.0" encoding="utf-8"?>
<CoverageSession xmlns:xsd="http://www.w3.org/2001/XMLSchema" xmlns:xsi="http://www.w3.org/2001/XMLSchema-instance">
  <Summary numSequencePoints="2935" visitedSequencePoints="73" numBranchPoints="1206" visitedBranchPoints="25" sequenceCoverage="2.49" branchCoverage="2.07" maxCyclomaticComplexity="33" minCyclomaticComplexity="1" />
  <Modules>
    <Module skippedDueTo="Filter" hash="EC-4B-59-1A-86-15-F3-AE-D2-72-02-B0-2A-0B-A7-08-AB-88-8E-D0">
      <FullName>C:\Windows\assembly\GAC_64\mscorlib\2.0.0.0__b77a5c561934e089\mscorlib.dll</FullName>
      <ModuleName>mscorlib</ModuleName>
      <Classes />
    </Module>
    <Module skippedDueTo="Filter" hash="F9-04-A8-31-CD-FB-23-72-95-63-5D-14-9A-A0-66-8E-7F-44-93-7A">
      <FullName>C:\Windows\assembly\GAC_64\mscorlib\2.0.0.0__b77a5c561934e089\sorttbls.nlp</FullName>
      <ModuleName>mscorlib</ModuleName>
      <Classes />
    </Module>
    <Module skippedDueTo="MissingPdb" hash="15-F9-CC-81-CD-CD-F1-5D-31-3E-DE-51-94-0C-FB-02-80-CA-17-6B">
      <FullName>E:\Programming Enviroments\NUnit 2.6.2\bin\nunit-console.exe</FullName>
      <ModuleName>nunit-console</ModuleName>
      <Classes />
    </Module>
    <Module skippedDueTo="Filter" hash="6E-30-2E-50-36-FB-60-2C-8E-50-C0-83-54-8B-CC-EA-A8-91-B6-CC">
      <FullName>C:\Windows\assembly\GAC_64\mscorlib\2.0.0.0__b77a5c561934e089\sortkey.nlp</FullName>
      <ModuleName>mscorlib</ModuleName>
      <Classes />
    </Module>
    <Module skippedDueTo="MissingPdb" hash="79-F8-9A-22-4E-29-52-37-00-CF-81-FF-1F-EA-05-EC-74-2A-2E-C8">
      <FullName>E:\Programming Enviroments\NUnit 2.6.2\bin\lib\nunit-console-runner.dll</FullName>
      <ModuleName>nunit-console-runner</ModuleName>
      <Classes />
    </Module>
    <Module skippedDueTo="MissingPdb" hash="23-35-8C-86-05-D5-AE-FE-3C-1F-09-A0-86-02-40-7C-4F-CA-59-41">
      <FullName>E:\Programming Enviroments\NUnit 2.6.2\bin\lib\nunit.core.dll</FullName>
      <ModuleName>nunit.core</ModuleName>
      <Classes />
    </Module>
    <Module skippedDueTo="MissingPdb" hash="57-DD-20-42-DA-33-B3-EE-DA-8C-8E-25-C9-E5-07-B5-08-62-0F-88">
      <FullName>E:\Programming Enviroments\NUnit 2.6.2\bin\lib\nunit.util.dll</FullName>
      <ModuleName>nunit.util</ModuleName>
      <Classes />
    </Module>
    <Module skippedDueTo="MissingPdb" hash="AD-76-2F-3C-5E-F6-77-0D-C6-AD-AF-A3-90-85-28-07-2D-A0-59-50">
      <FullName>E:\Programming Enviroments\NUnit 2.6.2\bin\lib\nunit.core.interfaces.dll</FullName>
      <ModuleName>nunit.core.interfaces</ModuleName>
      <Classes />
    </Module>
    <Module skippedDueTo="Filter" hash="14-03-27-9B-06-EA-35-31-1C-D3-68-2D-57-71-BD-0A-43-58-59-54">
      <FullName>C:\Windows\assembly\GAC_MSIL\System.Configuration\2.0.0.0__b03f5f7f11d50a3a\System.Configuration.dll</FullName>
      <ModuleName>System.Configuration</ModuleName>
      <Classes />
    </Module>
    <Module skippedDueTo="Filter" hash="E8-AF-6C-78-D2-08-3E-63-82-61-A0-41-67-7F-86-F4-1C-74-B0-91">
      <FullName>C:\Windows\assembly\GAC_MSIL\System\2.0.0.0__b77a5c561934e089\System.dll</FullName>
      <ModuleName>System</ModuleName>
      <Classes />
    </Module>
    <Module skippedDueTo="Filter" hash="52-A1-0A-04-56-66-57-05-F5-D9-76-0D-B4-A8-BD-EC-D5-A0-3C-88">
      <FullName>C:\Windows\assembly\GAC_MSIL\System.Xml\2.0.0.0__b77a5c561934e089\System.Xml.dll</FullName>
      <ModuleName>System.Xml</ModuleName>
      <Classes />
    </Module>
    <Module skippedDueTo="Filter" hash="9A-05-9F-56-E9-B6-E6-F9-98-5A-15-C6-F7-DB-92-18-B1-9B-AF-15">
      <FullName>C:\Windows\assembly\GAC_MSIL\System.Runtime.Remoting\2.0.0.0__b77a5c561934e089\System.Runtime.Remoting.dll</FullName>
      <ModuleName>System.Runtime.Remoting</ModuleName>
      <Classes />
    </Module>
    <Module skippedDueTo="Filter" hash="30-4D-DF-CA-FA-87-89-48-F5-43-E7-06-A5-AC-42-A1-FC-B6-62-6E">
      <FullName>C:\Windows\Microsoft.Net\assembly\GAC_64\mscorlib\v4.0_4.0.0.0__b77a5c561934e089\mscorlib.dll</FullName>
      <ModuleName>mscorlib</ModuleName>
      <Classes />
    </Module>
    <Module skippedDueTo="MissingPdb" hash="FB-85-03-F6-E1-75-BB-8A-0F-44-79-E7-A8-B3-A4-E6-DF-72-B0-75">
      <FullName>E:\Programming Enviroments\NUnit 2.6.2\bin\nunit-agent.exe</FullName>
      <ModuleName>nunit-agent</ModuleName>
      <Classes />
    </Module>
    <Module skippedDueTo="MissingPdb" hash="23-35-8C-86-05-D5-AE-FE-3C-1F-09-A0-86-02-40-7C-4F-CA-59-41">
      <FullName>E:\Programming Enviroments\NUnit 2.6.2\bin\lib\nunit.core.dll</FullName>
      <ModuleName>nunit.core</ModuleName>
      <Classes />
    </Module>
    <Module skippedDueTo="MissingPdb" hash="57-DD-20-42-DA-33-B3-EE-DA-8C-8E-25-C9-E5-07-B5-08-62-0F-88">
      <FullName>E:\Programming Enviroments\NUnit 2.6.2\bin\lib\nunit.util.dll</FullName>
      <ModuleName>nunit.util</ModuleName>
      <Classes />
    </Module>
    <Module skippedDueTo="MissingPdb" hash="AD-76-2F-3C-5E-F6-77-0D-C6-AD-AF-A3-90-85-28-07-2D-A0-59-50">
      <FullName>E:\Programming Enviroments\NUnit 2.6.2\bin\lib\nunit.core.interfaces.dll</FullName>
      <ModuleName>nunit.core.interfaces</ModuleName>
      <Classes />
    </Module>
    <Module skippedDueTo="Filter" hash="02-F0-25-E3-FB-94-05-50-52-2D-56-93-FF-B4-9B-8C-50-E0-A1-41">
      <FullName>C:\Windows\Microsoft.Net\assembly\GAC_MSIL\System\v4.0_4.0.0.0__b77a5c561934e089\System.dll</FullName>
      <ModuleName>System</ModuleName>
      <Classes />
    </Module>
    <Module skippedDueTo="Filter" hash="84-64-E1-D2-0A-E2-91-23-AD-BD-B9-7A-3C-89-7B-66-65-58-46-1C">
      <FullName>C:\Windows\Microsoft.Net\assembly\GAC_MSIL\System.Runtime.Remoting\v4.0_4.0.0.0__b77a5c561934e089\System.Runtime.Remoting.dll</FullName>
      <ModuleName>System.Runtime.Remoting</ModuleName>
      <Classes />
    </Module>
    <Module skippedDueTo="Filter" hash="80-32-3B-47-08-F0-74-C4-64-F6-98-9B-54-B3-69-B5-B9-29-D3-E9">
      <FullName>C:\Windows\Microsoft.Net\assembly\GAC_MSIL\System.Configuration\v4.0_4.0.0.0__b03f5f7f11d50a3a\System.Configuration.dll</FullName>
      <ModuleName>System.Configuration</ModuleName>
      <Classes />
    </Module>
    <Module skippedDueTo="Filter" hash="4B-C6-12-DA-61-6B-39-09-CD-DF-A1-00-79-12-63-F9-8E-72-76-27">
      <FullName>C:\Windows\Microsoft.Net\assembly\GAC_MSIL\System.Xml\v4.0_4.0.0.0__b77a5c561934e089\System.Xml.dll</FullName>
      <ModuleName>System.Xml</ModuleName>
      <Classes />
    </Module>
    <Module skippedDueTo="Filter" hash="59-42-E6-F8-DD-8B-B7-45-80-77-BD-4E-59-0E-95-5F-C2-7C-53-D8">
      <FullName>C:\Windows\Microsoft.Net\assembly\GAC_64\System.Web\v4.0_4.0.0.0__b03f5f7f11d50a3a\System.Web.dll</FullName>
      <ModuleName>System.Web</ModuleName>
      <Classes />
    </Module>
    <Module skippedDueTo="Filter" hash="17-FB-AD-1E-3A-AD-25-E7-D6-F8-6A-34-1E-8F-E5-B3-4A-B9-B0-06">
      <FullName>C:\Windows\assembly\GAC_64\System.Web\2.0.0.0__b03f5f7f11d50a3a\System.Web.dll</FullName>
      <ModuleName>System.Web</ModuleName>
      <Classes />
    </Module>
    <Module skippedDueTo="MissingPdb" hash="23-35-8C-86-05-D5-AE-FE-3C-1F-09-A0-86-02-40-7C-4F-CA-59-41">
      <FullName>E:\Programming Enviroments\NUnit 2.6.2\bin\lib\nunit.core.dll</FullName>
      <ModuleName>nunit.core</ModuleName>
      <Classes />
    </Module>
    <Module skippedDueTo="Filter" hash="02-F0-25-E3-FB-94-05-50-52-2D-56-93-FF-B4-9B-8C-50-E0-A1-41">
      <FullName>C:\Windows\Microsoft.Net\assembly\GAC_MSIL\System\v4.0_4.0.0.0__b77a5c561934e089\System.dll</FullName>
      <ModuleName>System</ModuleName>
      <Classes />
    </Module>
    <Module skippedDueTo="Filter" hash="4B-C6-12-DA-61-6B-39-09-CD-DF-A1-00-79-12-63-F9-8E-72-76-27">
      <FullName>C:\Windows\Microsoft.Net\assembly\GAC_MSIL\System.Xml\v4.0_4.0.0.0__b77a5c561934e089\System.Xml.dll</FullName>
      <ModuleName>System.Xml</ModuleName>
      <Classes />
    </Module>
    <Module skippedDueTo="MissingPdb" hash="AD-76-2F-3C-5E-F6-77-0D-C6-AD-AF-A3-90-85-28-07-2D-A0-59-50">
      <FullName>E:\Programming Enviroments\NUnit 2.6.2\bin\lib\nunit.core.interfaces.dll</FullName>
      <ModuleName>nunit.core.interfaces</ModuleName>
      <Classes />
    </Module>
    <Module hash="29-58-6F-FB-44-32-AC-7F-32-10-FD-CD-8A-B1-14-65-0D-4B-C2-E8">
      <Summary numSequencePoints="34" visitedSequencePoints="28" numBranchPoints="10" visitedBranchPoints="8" sequenceCoverage="82.35" branchCoverage="80" maxCyclomaticComplexity="2" minCyclomaticComplexity="0" />
      <FullName>E:\Programming\!Csharp\Combinify Project\CombinifyWpf\CombiTests\CombiTests\bin\Debug\CombiTests.dll</FullName>
      <ModuleName>CombiTests</ModuleName>
      <Files>
        <File uid="1" fullPath="E:\Programming\!Csharp\Combinify Project\CombinifyWpf\CombiTests\CombiTests\ColorCompressTest.cs" />
        <File uid="2" fullPath="E:\Programming\!Csharp\Combinify Project\CombinifyWpf\CombiTests\CombiTests\ColorConvertTest.cs" />
      </Files>
      <Classes>
        <Class>
          <Summary numSequencePoints="0" visitedSequencePoints="0" numBranchPoints="0" visitedBranchPoints="0" sequenceCoverage="0" branchCoverage="0" maxCyclomaticComplexity="0" minCyclomaticComplexity="0" />
          <FullName>&lt;Module&gt;</FullName>
          <Methods />
        </Class>
        <Class>
          <Summary numSequencePoints="6" visitedSequencePoints="0" numBranchPoints="2" visitedBranchPoints="0" sequenceCoverage="0" branchCoverage="0" maxCyclomaticComplexity="1" minCyclomaticComplexity="1" />
          <FullName>CombiTests.ColorCompressTest</FullName>
          <Methods>
            <Method visited="false" cyclomaticComplexity="1" sequenceCoverage="0" branchCoverage="0" isConstructor="false" isStatic="false" isGetter="false" isSetter="false">
              <Summary numSequencePoints="3" visitedSequencePoints="0" numBranchPoints="1" visitedBranchPoints="0" sequenceCoverage="0" branchCoverage="0" maxCyclomaticComplexity="1" minCyclomaticComplexity="1" />
              <MetadataToken>100663297</MetadataToken>
              <Name>System.Void CombiTests.ColorCompressTest::Init()</Name>
              <FileRef uid="1" />
              <SequencePoints>
                <SequencePoint vc="0" uspid="1" ordinal="0" offset="0" sl="13" sc="28" el="13" ec="29" />
                <SequencePoint vc="0" uspid="2" ordinal="1" offset="1" sl="14" sc="13" el="14" ec="54" />
                <SequencePoint vc="0" uspid="3" ordinal="2" offset="12" sl="15" sc="9" el="15" ec="10" />
              </SequencePoints>
              <BranchPoints />
              <MethodPoint xsi:type="SequencePoint" vc="0" uspid="1" ordinal="0" offset="0" sl="13" sc="28" el="13" ec="29" />
            </Method>
            <Method visited="false" cyclomaticComplexity="1" sequenceCoverage="0" branchCoverage="0" isConstructor="false" isStatic="false" isGetter="false" isSetter="false">
              <Summary numSequencePoints="3" visitedSequencePoints="0" numBranchPoints="1" visitedBranchPoints="0" sequenceCoverage="0" branchCoverage="0" maxCyclomaticComplexity="1" minCyclomaticComplexity="1" />
              <MetadataToken>100663298</MetadataToken>
              <Name>System.Void CombiTests.ColorCompressTest::Cleanup()</Name>
              <FileRef uid="1" />
              <SequencePoints>
                <SequencePoint vc="0" uspid="4" ordinal="0" offset="0" sl="18" sc="31" el="18" ec="32" />
                <SequencePoint vc="0" uspid="5" ordinal="1" offset="1" sl="19" sc="13" el="19" ec="37" />
                <SequencePoint vc="0" uspid="6" ordinal="2" offset="8" sl="20" sc="9" el="20" ec="10" />
              </SequencePoints>
              <BranchPoints />
              <MethodPoint xsi:type="SequencePoint" vc="0" uspid="4" ordinal="0" offset="0" sl="18" sc="31" el="18" ec="32" />
            </Method>
            <Method visited="true" cyclomaticComplexity="1" sequenceCoverage="0" branchCoverage="0" isConstructor="true" isStatic="false" isGetter="false" isSetter="false">
              <Summary numSequencePoints="0" visitedSequencePoints="0" numBranchPoints="0" visitedBranchPoints="0" sequenceCoverage="0" branchCoverage="0" maxCyclomaticComplexity="1" minCyclomaticComplexity="1" />
              <MetadataToken>100663299</MetadataToken>
              <Name>System.Void CombiTests.ColorCompressTest::.ctor()</Name>
              <SequencePoints />
              <BranchPoints />
              <MethodPoint vc="1" uspid="7" ordinal="0" offset="0" />
            </Method>
          </Methods>
        </Class>
        <Class>
          <Summary numSequencePoints="28" visitedSequencePoints="28" numBranchPoints="8" visitedBranchPoints="8" sequenceCoverage="100" branchCoverage="100" maxCyclomaticComplexity="2" minCyclomaticComplexity="1" />
          <FullName>CombiTests.ColorConvertTest</FullName>
          <Methods>
            <Method visited="true" cyclomaticComplexity="1" sequenceCoverage="100" branchCoverage="100" isConstructor="false" isStatic="false" isGetter="false" isSetter="false">
              <Summary numSequencePoints="3" visitedSequencePoints="3" numBranchPoints="1" visitedBranchPoints="1" sequenceCoverage="100" branchCoverage="100" maxCyclomaticComplexity="1" minCyclomaticComplexity="1" />
              <MetadataToken>100663300</MetadataToken>
              <Name>System.Void CombiTests.ColorConvertTest::Init()</Name>
              <FileRef uid="2" />
              <SequencePoints>
                <SequencePoint vc="2" uspid="8" ordinal="0" offset="0" sl="13" sc="28" el="13" ec="29" />
                <SequencePoint vc="2" uspid="9" ordinal="1" offset="1" sl="14" sc="13" el="14" ec="52" />
                <SequencePoint vc="2" uspid="10" ordinal="2" offset="12" sl="15" sc="9" el="15" ec="10" />
              </SequencePoints>
              <BranchPoints />
              <MethodPoint xsi:type="SequencePoint" vc="2" uspid="8" ordinal="0" offset="0" sl="13" sc="28" el="13" ec="29" />
            </Method>
            <Method visited="true" cyclomaticComplexity="1" sequenceCoverage="100" branchCoverage="100" isConstructor="false" isStatic="false" isGetter="false" isSetter="false">
              <Summary numSequencePoints="3" visitedSequencePoints="3" numBranchPoints="1" visitedBranchPoints="1" sequenceCoverage="100" branchCoverage="100" maxCyclomaticComplexity="1" minCyclomaticComplexity="1" />
              <MetadataToken>100663301</MetadataToken>
              <Name>System.Void CombiTests.ColorConvertTest::Cleanup()</Name>
              <FileRef uid="2" />
              <SequencePoints>
                <SequencePoint vc="2" uspid="11" ordinal="0" offset="0" sl="18" sc="31" el="18" ec="32" />
                <SequencePoint vc="2" uspid="12" ordinal="1" offset="1" sl="19" sc="13" el="19" ec="36" />
                <SequencePoint vc="2" uspid="13" ordinal="2" offset="8" sl="20" sc="9" el="20" ec="10" />
              </SequencePoints>
              <BranchPoints />
              <MethodPoint xsi:type="SequencePoint" vc="2" uspid="11" ordinal="0" offset="0" sl="18" sc="31" el="18" ec="32" />
            </Method>
            <Method visited="true" cyclomaticComplexity="2" sequenceCoverage="100" branchCoverage="100" isConstructor="false" isStatic="false" isGetter="false" isSetter="false">
              <Summary numSequencePoints="11" visitedSequencePoints="11" numBranchPoints="3" visitedBranchPoints="3" sequenceCoverage="100" branchCoverage="100" maxCyclomaticComplexity="2" minCyclomaticComplexity="2" />
              <MetadataToken>100663302</MetadataToken>
              <Name>System.Void CombiTests.ColorConvertTest::RgbToHexTest()</Name>
              <FileRef uid="2" />
              <SequencePoints>
                <SequencePoint vc="1" uspid="14" ordinal="0" offset="0" sl="23" sc="36" el="23" ec="37" />
                <SequencePoint vc="1" uspid="15" ordinal="1" offset="1" sl="24" sc="13" el="28" ec="15" />
                <SequencePoint vc="1" uspid="16" ordinal="2" offset="105" sl="29" sc="13" el="33" ec="15" />
                <SequencePoint vc="1" uspid="17" ordinal="3" offset="154" sl="35" sc="18" el="35" ec="28" />
                <SequencePoint vc="3" uspid="18" ordinal="4" offset="158" sl="35" sc="53" el="35" ec="54" />
                <SequencePoint vc="3" uspid="19" ordinal="5" offset="159" sl="36" sc="17" el="36" ec="78" />
                <SequencePoint vc="3" uspid="20" ordinal="6" offset="178" sl="37" sc="17" el="37" ec="109" />
                <SequencePoint vc="3" uspid="21" ordinal="7" offset="219" sl="38" sc="13" el="38" ec="14" />
                <SequencePoint vc="3" uspid="22" ordinal="8" offset="220" sl="35" sc="47" el="35" ec="50" />
                <SequencePoint vc="4" uspid="23" ordinal="9" offset="224" sl="35" sc="29" el="35" ec="45" />
                <SequencePoint vc="1" uspid="24" ordinal="10" offset="239" sl="39" sc="9" el="39" ec="10" />
              </SequencePoints>
              <BranchPoints>
                <BranchPoint vc="1" uspid="25" ordinal="0" offset="237" path="0" />
                <BranchPoint vc="3" uspid="26" ordinal="1" offset="237" path="1" />
              </BranchPoints>
              <MethodPoint xsi:type="SequencePoint" vc="1" uspid="14" ordinal="0" offset="0" sl="23" sc="36" el="23" ec="37" />
            </Method>
            <Method visited="true" cyclomaticComplexity="2" sequenceCoverage="100" branchCoverage="100" isConstructor="false" isStatic="false" isGetter="false" isSetter="false">
              <Summary numSequencePoints="11" visitedSequencePoints="11" numBranchPoints="3" visitedBranchPoints="3" sequenceCoverage="100" branchCoverage="100" maxCyclomaticComplexity="2" minCyclomaticComplexity="2" />
              <MetadataToken>100663303</MetadataToken>
              <Name>System.Void CombiTests.ColorConvertTest::HslToHexTest()</Name>
              <FileRef uid="2" />
              <SequencePoints>
                <SequencePoint vc="1" uspid="27" ordinal="0" offset="0" sl="42" sc="36" el="42" ec="37" />
                <SequencePoint vc="1" uspid="28" ordinal="1" offset="1" sl="43" sc="13" el="47" ec="15" />
                <SequencePoint vc="1" uspid="29" ordinal="2" offset="86" sl="48" sc="13" el="52" ec="15" />
                <SequencePoint vc="1" uspid="30" ordinal="3" offset="135" sl="54" sc="18" el="54" ec="28" />
                <SequencePoint vc="3" uspid="31" ordinal="4" offset="139" sl="54" sc="54" el="54" ec="55" />
                <SequencePoint vc="3" uspid="32" ordinal="5" offset="140" sl="55" sc="17" el="55" ec="118" />
                <SequencePoint vc="3" uspid="33" ordinal="6" offset="179" sl="56" sc="17" el="56" ec="110" />
                <SequencePoint vc="3" uspid="34" ordinal="7" offset="220" sl="57" sc="13" el="57" ec="14" />
                <SequencePoint vc="3" uspid="35" ordinal="8" offset="221" sl="54" sc="48" el="54" ec="51" />
                <SequencePoint vc="4" uspid="36" ordinal="9" offset="225" sl="54" sc="29" el="54" ec="46" />
                <SequencePoint vc="1" uspid="37" ordinal="10" offset="240" sl="58" sc="9" el="58" ec="10" />
              </SequencePoints>
              <BranchPoints>
                <BranchPoint vc="1" uspid="38" ordinal="0" offset="238" path="0" />
                <BranchPoint vc="3" uspid="39" ordinal="1" offset="238" path="1" />
              </BranchPoints>
              <MethodPoint xsi:type="SequencePoint" vc="1" uspid="27" ordinal="0" offset="0" sl="42" sc="36" el="42" ec="37" />
            </Method>
            <Method visited="true" cyclomaticComplexity="1" sequenceCoverage="0" branchCoverage="0" isConstructor="true" isStatic="false" isGetter="false" isSetter="false">
              <Summary numSequencePoints="0" visitedSequencePoints="0" numBranchPoints="0" visitedBranchPoints="0" sequenceCoverage="0" branchCoverage="0" maxCyclomaticComplexity="1" minCyclomaticComplexity="1" />
              <MetadataToken>100663304</MetadataToken>
              <Name>System.Void CombiTests.ColorConvertTest::.ctor()</Name>
              <SequencePoints />
              <BranchPoints />
              <MethodPoint vc="1" uspid="40" ordinal="0" offset="0" />
            </Method>
          </Methods>
        </Class>
        <Class>
          <Summary numSequencePoints="0" visitedSequencePoints="0" numBranchPoints="0" visitedBranchPoints="0" sequenceCoverage="0" branchCoverage="0" maxCyclomaticComplexity="0" minCyclomaticComplexity="0" />
          <FullName>&lt;PrivateImplementationDetails&gt;{139E5794-6F9F-448C-AE4E-DD0A0BEC37D0}</FullName>
          <Methods />
        </Class>
      </Classes>
    </Module>
    <Module skippedDueTo="MissingPdb" hash="13-4C-94-D1-A1-A5-D9-8F-F1-E4-CE-A7-87-EF-CC-42-FC-6B-CA-BC">
      <FullName>E:\Programming\!Csharp\Combinify Project\CombinifyWpf\CombiTests\CombiTests\bin\Debug\nunit.framework.dll</FullName>
      <ModuleName>nunit.framework</ModuleName>
      <Classes />
    </Module>
    <Module skippedDueTo="MissingPdb" hash="79-F8-9A-22-4E-29-52-37-00-CF-81-FF-1F-EA-05-EC-74-2A-2E-C8">
      <FullName>E:\Programming Enviroments\NUnit 2.6.2\bin\lib\nunit-console-runner.dll</FullName>
      <ModuleName>nunit-console-runner</ModuleName>
      <Classes />
    </Module>
    <Module skippedDueTo="Filter" hash="84-64-E1-D2-0A-E2-91-23-AD-BD-B9-7A-3C-89-7B-66-65-58-46-1C">
      <FullName>C:\Windows\Microsoft.Net\assembly\GAC_MSIL\System.Runtime.Remoting\v4.0_4.0.0.0__b77a5c561934e089\System.Runtime.Remoting.dll</FullName>
      <ModuleName>System.Runtime.Remoting</ModuleName>
      <Classes />
    </Module>
    <Module skippedDueTo="Filter" hash="80-32-3B-47-08-F0-74-C4-64-F6-98-9B-54-B3-69-B5-B9-29-D3-E9">
      <FullName>C:\Windows\Microsoft.Net\assembly\GAC_MSIL\System.Configuration\v4.0_4.0.0.0__b03f5f7f11d50a3a\System.Configuration.dll</FullName>
      <ModuleName>System.Configuration</ModuleName>
      <Classes />
    </Module>
    <Module hash="68-EB-A7-D8-C3-12-63-39-AA-01-98-F5-F0-A3-2B-3B-2F-DD-98-DC">
      <Summary numSequencePoints="2901" visitedSequencePoints="45" numBranchPoints="1196" visitedBranchPoints="17" sequenceCoverage="1.55" branchCoverage="1.42" maxCyclomaticComplexity="33" minCyclomaticComplexity="1" />
      <FullName>E:\Programming\!Csharp\Combinify Project\CombinifyWpf\CombiTests\CombiTests\bin\Debug\CombinifyWpf.exe</FullName>
      <ModuleName>CombinifyWpf</ModuleName>
      <Files>
        <File uid="5" fullPath="E:\Programming\!Csharp\Combinify Project\CombinifyWpf\CombinifyWpf\Models\UserSettings.cs" />
        <File uid="6" fullPath="E:\Programming\!Csharp\Combinify Project\CombinifyWpf\CombinifyWpf\App.xaml.cs" />
        <File uid="7" fullPath="E:\Programming\!Csharp\Combinify Project\CombinifyWpf\CombinifyWpf\obj\x86\Debug\App.g.cs" />
        <File uid="8" fullPath="E:\Programming\!Csharp\Combinify Project\CombinifyWpf\CombinifyWpf\Utils\Comber.cs" />
        <File uid="9" fullPath="E:\Programming\!Csharp\Combinify Project\CombinifyWpf\CombinifyWpf\FolderSelectDialog.xaml.cs" />
        <File uid="10" fullPath="E:\Programming\!Csharp\Combinify Project\CombinifyWpf\CombinifyWpf\obj\x86\Debug\FolderSelectDialog.g.cs" />
        <File uid="11" fullPath="E:\Programming\!Csharp\Combinify Project\CombinifyWpf\CombinifyWpf\Converters\BaseConverter.cs" />
        <File uid="12" fullPath="E:\Programming\!Csharp\Combinify Project\CombinifyWpf\CombinifyWpf\Converters\HeaderToImageConverter.cs" />
        <File uid="13" fullPath="E:\Programming\!Csharp\Combinify Project\CombinifyWpf\CombinifyWpf\Views\MainWindow.xaml.cs" />
        <File uid="14" fullPath="E:\Programming\!Csharp\Combinify Project\CombinifyWpf\CombinifyWpf\obj\x86\Debug\Views\MainWindow.g.cs" />
        <File uid="15" fullPath="E:\Programming\!Csharp\Combinify Project\CombinifyWpf\CombinifyWpf\Converters\TimeConverter.cs" />
        <File uid="16" fullPath="E:\Programming\!Csharp\Combinify Project\CombinifyWpf\CombinifyWpf\Controls\WatchList\WatchedItem.xaml.cs" />
        <File uid="17" fullPath="E:\Programming\!Csharp\Combinify Project\CombinifyWpf\CombinifyWpf\obj\x86\Debug\Controls\WatchList\WatchedItem.g.cs" />
        <File uid="18" fullPath="E:\Programming\!Csharp\Combinify Project\CombinifyWpf\CombinifyWpf\Utils\ProjectIO.cs" />
        <File uid="19" fullPath="E:\Programming\!Csharp\Combinify Project\CombinifyWpf\CombinifyWpf\Utils\Colors\ColorConverter.cs" />
        <File uid="20" fullPath="E:\Programming\!Csharp\Combinify Project\CombinifyWpf\CombinifyWpf\Properties\Resources.Designer.cs" />
        <File uid="21" fullPath="E:\Programming\!Csharp\Combinify Project\CombinifyWpf\CombinifyWpf\Controls\WatchList\WatchList.xaml.cs" />
        <File uid="22" fullPath="E:\Programming\!Csharp\Combinify Project\CombinifyWpf\CombinifyWpf\obj\x86\Debug\Controls\WatchList\WatchList.g.cs" />
        <File uid="23" fullPath="E:\Programming\!Csharp\Combinify Project\CombinifyWpf\CombinifyWpf\Converters\FileSizeConverter.cs" />
        <File uid="24" fullPath="E:\Programming\!Csharp\Combinify Project\CombinifyWpf\CombinifyWpf\Converters\BoolVisibilityConverter.cs" />
        <File uid="25" fullPath="E:\Programming\!Csharp\Combinify Project\CombinifyWpf\CombinifyWpf\Properties\Settings.Designer.cs" />
        <File uid="26" fullPath="E:\Programming\!Csharp\Combinify Project\CombinifyWpf\CombinifyWpf\Models\Project.cs" />
        <File uid="27" fullPath="E:\Programming\!Csharp\Combinify Project\CombinifyWpf\CombinifyWpf\Controls\StripMenuVertical.xaml.cs" />
        <File uid="28" fullPath="E:\Programming\!Csharp\Combinify Project\CombinifyWpf\CombinifyWpf\obj\x86\Debug\Controls\StripMenuVertical.g.cs" />
        <File uid="29" fullPath="E:\Programming\!Csharp\Combinify Project\CombinifyWpf\CombinifyWpf\ViewModels\BindableBase.cs" />
        <File uid="30" fullPath="E:\Programming\!Csharp\Combinify Project\CombinifyWpf\CombinifyWpf\Utils\Ftp\FtpConnection.cs" />
        <File uid="31" fullPath="E:\Programming\!Csharp\Combinify Project\CombinifyWpf\CombinifyWpf\Utils\Ftp\FtpItem.cs" />
        <File uid="32" fullPath="E:\Programming\!Csharp\Combinify Project\CombinifyWpf\CombinifyWpf\Utils\Ftp\FtpFile.cs" />
        <File uid="33" fullPath="E:\Programming\!Csharp\Combinify Project\CombinifyWpf\CombinifyWpf\Utils\Minifier.cs" />
        <File uid="37" fullPath="E:\Programming\!Csharp\Combinify Project\CombinifyWpf\CombinifyWpf\ViewModels\ProjectViewModel.cs" />
        <File uid="39" fullPath="E:\Programming\!Csharp\Combinify Project\CombinifyWpf\CombinifyWpf\Utils\SelectorCombiner.cs" />
        <File uid="40" fullPath="E:\Programming\!Csharp\Combinify Project\CombinifyWpf\CombinifyWpf\Utils\Processor.cs" />
        <File uid="41" fullPath="E:\Programming\!Csharp\Combinify Project\CombinifyWpf\CombinifyWpf\Controls\StatusBar.xaml.cs" />
        <File uid="42" fullPath="E:\Programming\!Csharp\Combinify Project\CombinifyWpf\CombinifyWpf\obj\x86\Debug\Controls\StatusBar.g.cs" />
        <File uid="43" fullPath="E:\Programming\!Csharp\Combinify Project\CombinifyWpf\CombinifyWpf\Utils\Flattener.cs" />
        <File uid="45" fullPath="E:\Programming\!Csharp\Combinify Project\CombinifyWpf\CombinifyWpf\ErrorMockup.xaml.cs" />
        <File uid="46" fullPath="E:\Programming\!Csharp\Combinify Project\CombinifyWpf\CombinifyWpf\obj\x86\Debug\ErrorMockup.g.cs" />
        <File uid="47" fullPath="E:\Programming\!Csharp\Combinify Project\CombinifyWpf\CombinifyWpf\ViewModels\ExtendedPropertyChangedEventArgs.cs" />
        <File uid="48" fullPath="E:\Programming\!Csharp\Combinify Project\CombinifyWpf\CombinifyWpf\Views\OptionsWindow.xaml.cs" />
        <File uid="49" fullPath="E:\Programming\!Csharp\Combinify Project\CombinifyWpf\CombinifyWpf\obj\x86\Debug\Views\OptionsWindow.g.cs" />
        <File uid="50" fullPath="E:\Programming\!Csharp\Combinify Project\CombinifyWpf\CombinifyWpf\Converters\PercentConverter.cs" />
        <File uid="51" fullPath="E:\Programming\!Csharp\Combinify Project\CombinifyWpf\CombinifyWpf\Controls\WatchList\SectionHeader.xaml.cs" />
        <File uid="52" fullPath="E:\Programming\!Csharp\Combinify Project\CombinifyWpf\CombinifyWpf\obj\x86\Debug\Controls\WatchList\SectionHeader.g.cs" />
        <File uid="53" fullPath="E:\Programming\!Csharp\Combinify Project\CombinifyWpf\CombinifyWpf\Utils\Ftp\FtpDirectory.cs" />
        <File uid="54" fullPath="E:\Programming\!Csharp\Combinify Project\CombinifyWpf\CombinifyWpf\ViewModels\SettingsViewModel.cs" />
        <File uid="55" fullPath="E:\Programming\!Csharp\Combinify Project\CombinifyWpf\CombinifyWpf\Converters\NegateBoolVisibilityConverter.cs" />
        <File uid="56" fullPath="E:\Programming\!Csharp\Combinify Project\CombinifyWpf\CombinifyWpf\Controls\AdHocTreeView.xaml.cs" />
        <File uid="57" fullPath="E:\Programming\!Csharp\Combinify Project\CombinifyWpf\CombinifyWpf\obj\x86\Debug\Controls\AdHocTreeView.g.cs" />
        <File uid="58" fullPath="E:\Programming\!Csharp\Combinify Project\CombinifyWpf\CombinifyWpf\Utils\Colors\ColorCompressor.cs" />
        <File uid="59" fullPath="E:\Programming\!Csharp\Combinify Project\CombinifyWpf\CombinifyWpf\obj\x86\Debug\GeneratedInternalTypeHelper.g.cs" />
      </Files>
      <Classes>
        <Class>
          <Summary numSequencePoints="0" visitedSequencePoints="0" numBranchPoints="0" visitedBranchPoints="0" sequenceCoverage="0" branchCoverage="0" maxCyclomaticComplexity="0" minCyclomaticComplexity="0" />
          <FullName>&lt;Module&gt;</FullName>
          <Methods />
        </Class>
        <Class>
          <Summary numSequencePoints="3" visitedSequencePoints="0" numBranchPoints="1" visitedBranchPoints="0" sequenceCoverage="0" branchCoverage="0" maxCyclomaticComplexity="1" minCyclomaticComplexity="1" />
          <FullName>CombinifyWpf.Models.UserSettings</FullName>
          <Methods>
            <Method visited="false" cyclomaticComplexity="1" sequenceCoverage="0" branchCoverage="0" isConstructor="false" isStatic="false" isGetter="true" isSetter="false">
              <Summary numSequencePoints="0" visitedSequencePoints="0" numBranchPoints="0" visitedBranchPoints="0" sequenceCoverage="0" branchCoverage="0" maxCyclomaticComplexity="1" minCyclomaticComplexity="1" />
              <MetadataToken>100663298</MetadataToken>
              <Name>System.Boolean CombinifyWpf.Models.UserSettings::get_Comb()</Name>
              <SequencePoints />
              <BranchPoints />
              <MethodPoint vc="0" uspid="41" ordinal="0" offset="0" />
            </Method>
            <Method visited="false" cyclomaticComplexity="1" sequenceCoverage="0" branchCoverage="0" isConstructor="false" isStatic="false" isGetter="false" isSetter="true">
              <Summary numSequencePoints="0" visitedSequencePoints="0" numBranchPoints="0" visitedBranchPoints="0" sequenceCoverage="0" branchCoverage="0" maxCyclomaticComplexity="1" minCyclomaticComplexity="1" />
              <MetadataToken>100663299</MetadataToken>
              <Name>System.Void CombinifyWpf.Models.UserSettings::set_Comb(System.Boolean)</Name>
              <SequencePoints />
              <BranchPoints />
              <MethodPoint vc="0" uspid="42" ordinal="0" offset="0" />
            </Method>
            <Method visited="false" cyclomaticComplexity="1" sequenceCoverage="0" branchCoverage="0" isConstructor="false" isStatic="false" isGetter="true" isSetter="false">
              <Summary numSequencePoints="0" visitedSequencePoints="0" numBranchPoints="0" visitedBranchPoints="0" sequenceCoverage="0" branchCoverage="0" maxCyclomaticComplexity="1" minCyclomaticComplexity="1" />
              <MetadataToken>100663300</MetadataToken>
              <Name>System.Boolean CombinifyWpf.Models.UserSettings::get_Combine()</Name>
              <SequencePoints />
              <BranchPoints />
              <MethodPoint vc="0" uspid="43" ordinal="0" offset="0" />
            </Method>
            <Method visited="false" cyclomaticComplexity="1" sequenceCoverage="0" branchCoverage="0" isConstructor="false" isStatic="false" isGetter="false" isSetter="true">
              <Summary numSequencePoints="0" visitedSequencePoints="0" numBranchPoints="0" visitedBranchPoints="0" sequenceCoverage="0" branchCoverage="0" maxCyclomaticComplexity="1" minCyclomaticComplexity="1" />
              <MetadataToken>100663301</MetadataToken>
              <Name>System.Void CombinifyWpf.Models.UserSettings::set_Combine(System.Boolean)</Name>
              <SequencePoints />
              <BranchPoints />
              <MethodPoint vc="0" uspid="44" ordinal="0" offset="0" />
            </Method>
            <Method visited="false" cyclomaticComplexity="1" sequenceCoverage="0" branchCoverage="0" isConstructor="false" isStatic="false" isGetter="true" isSetter="false">
              <Summary numSequencePoints="0" visitedSequencePoints="0" numBranchPoints="0" visitedBranchPoints="0" sequenceCoverage="0" branchCoverage="0" maxCyclomaticComplexity="1" minCyclomaticComplexity="1" />
              <MetadataToken>100663302</MetadataToken>
              <Name>System.Boolean CombinifyWpf.Models.UserSettings::get_Flatten()</Name>
              <SequencePoints />
              <BranchPoints />
              <MethodPoint vc="0" uspid="45" ordinal="0" offset="0" />
            </Method>
            <Method visited="false" cyclomaticComplexity="1" sequenceCoverage="0" branchCoverage="0" isConstructor="false" isStatic="false" isGetter="false" isSetter="true">
              <Summary numSequencePoints="0" visitedSequencePoints="0" numBranchPoints="0" visitedBranchPoints="0" sequenceCoverage="0" branchCoverage="0" maxCyclomaticComplexity="1" minCyclomaticComplexity="1" />
              <MetadataToken>100663303</MetadataToken>
              <Name>System.Void CombinifyWpf.Models.UserSettings::set_Flatten(System.Boolean)</Name>
              <SequencePoints />
              <BranchPoints />
              <MethodPoint vc="0" uspid="46" ordinal="0" offset="0" />
            </Method>
            <Method visited="false" cyclomaticComplexity="1" sequenceCoverage="0" branchCoverage="0" isConstructor="false" isStatic="false" isGetter="true" isSetter="false">
              <Summary numSequencePoints="0" visitedSequencePoints="0" numBranchPoints="0" visitedBranchPoints="0" sequenceCoverage="0" branchCoverage="0" maxCyclomaticComplexity="1" minCyclomaticComplexity="1" />
              <MetadataToken>100663304</MetadataToken>
              <Name>System.Boolean CombinifyWpf.Models.UserSettings::get_Minify()</Name>
              <SequencePoints />
              <BranchPoints />
              <MethodPoint vc="0" uspid="47" ordinal="0" offset="0" />
            </Method>
            <Method visited="false" cyclomaticComplexity="1" sequenceCoverage="0" branchCoverage="0" isConstructor="false" isStatic="false" isGetter="false" isSetter="true">
              <Summary numSequencePoints="0" visitedSequencePoints="0" numBranchPoints="0" visitedBranchPoints="0" sequenceCoverage="0" branchCoverage="0" maxCyclomaticComplexity="1" minCyclomaticComplexity="1" />
              <MetadataToken>100663305</MetadataToken>
              <Name>System.Void CombinifyWpf.Models.UserSettings::set_Minify(System.Boolean)</Name>
              <SequencePoints />
              <BranchPoints />
              <MethodPoint vc="0" uspid="48" ordinal="0" offset="0" />
            </Method>
            <Method visited="false" cyclomaticComplexity="1" sequenceCoverage="0" branchCoverage="0" isConstructor="true" isStatic="false" isGetter="false" isSetter="false">
              <Summary numSequencePoints="3" visitedSequencePoints="0" numBranchPoints="1" visitedBranchPoints="0" sequenceCoverage="0" branchCoverage="0" maxCyclomaticComplexity="1" minCyclomaticComplexity="1" />
              <MetadataToken>100663297</MetadataToken>
              <Name>System.Void CombinifyWpf.Models.UserSettings::.ctor()</Name>
              <FileRef uid="5" />
              <SequencePoints>
                <SequencePoint vc="0" uspid="49" ordinal="0" offset="0" sl="43" sc="9" el="43" ec="30" />
                <SequencePoint vc="0" uspid="50" ordinal="1" offset="7" sl="43" sc="31" el="43" ec="32" />
                <SequencePoint vc="0" uspid="51" ordinal="2" offset="8" sl="43" sc="33" el="43" ec="34" />
              </SequencePoints>
              <BranchPoints />
              <MethodPoint xsi:type="SequencePoint" vc="0" uspid="49" ordinal="0" offset="0" sl="43" sc="9" el="43" ec="30" />
            </Method>
          </Methods>
        </Class>
        <Class>
          <Summary numSequencePoints="13" visitedSequencePoints="0" numBranchPoints="5" visitedBranchPoints="0" sequenceCoverage="0" branchCoverage="0" maxCyclomaticComplexity="1" minCyclomaticComplexity="1" />
          <FullName>CombinifyWpf.App</FullName>
          <Methods>
            <Method visited="false" cyclomaticComplexity="1" sequenceCoverage="0" branchCoverage="0" isConstructor="false" isStatic="true" isGetter="true" isSetter="false">
              <Summary numSequencePoints="3" visitedSequencePoints="0" numBranchPoints="1" visitedBranchPoints="0" sequenceCoverage="0" branchCoverage="0" maxCyclomaticComplexity="1" minCyclomaticComplexity="1" />
              <MetadataToken>100663306</MetadataToken>
              <Name>CombinifyWpf.Models.UserSettings CombinifyWpf.App::get_Preferences()</Name>
              <FileRef uid="6" />
              <SequencePoints>
                <SequencePoint vc="0" uspid="52" ordinal="0" offset="0" sl="21" sc="17" el="21" ec="18" />
                <SequencePoint vc="0" uspid="53" ordinal="1" offset="1" sl="21" sc="19" el="21" ec="36" />
                <SequencePoint vc="0" uspid="54" ordinal="2" offset="9" sl="21" sc="37" el="21" ec="38" />
              </SequencePoints>
              <BranchPoints />
              <MethodPoint xsi:type="SequencePoint" vc="0" uspid="52" ordinal="0" offset="0" sl="21" sc="17" el="21" ec="18" />
            </Method>
            <Method visited="false" cyclomaticComplexity="1" sequenceCoverage="0" branchCoverage="0" isConstructor="false" isStatic="true" isGetter="false" isSetter="true">
              <Summary numSequencePoints="3" visitedSequencePoints="0" numBranchPoints="1" visitedBranchPoints="0" sequenceCoverage="0" branchCoverage="0" maxCyclomaticComplexity="1" minCyclomaticComplexity="1" />
              <MetadataToken>100663307</MetadataToken>
              <Name>System.Void CombinifyWpf.App::set_Preferences(CombinifyWpf.Models.UserSettings)</Name>
              <FileRef uid="6" />
              <SequencePoints>
                <SequencePoint vc="0" uspid="55" ordinal="0" offset="0" sl="22" sc="17" el="22" ec="18" />
                <SequencePoint vc="0" uspid="56" ordinal="1" offset="1" sl="22" sc="19" el="22" ec="37" />
                <SequencePoint vc="0" uspid="57" ordinal="2" offset="7" sl="22" sc="38" el="22" ec="39" />
              </SequencePoints>
              <BranchPoints />
              <MethodPoint xsi:type="SequencePoint" vc="0" uspid="55" ordinal="0" offset="0" sl="22" sc="17" el="22" ec="18" />
            </Method>
            <Method visited="false" cyclomaticComplexity="1" sequenceCoverage="0" branchCoverage="0" isConstructor="false" isStatic="true" isGetter="true" isSetter="false">
              <Summary numSequencePoints="3" visitedSequencePoints="0" numBranchPoints="1" visitedBranchPoints="0" sequenceCoverage="0" branchCoverage="0" maxCyclomaticComplexity="1" minCyclomaticComplexity="1" />
              <MetadataToken>100663308</MetadataToken>
              <Name>System.String[] CombinifyWpf.App::get_FileTypes()</Name>
              <FileRef uid="6" />
              <SequencePoints>
                <SequencePoint vc="0" uspid="58" ordinal="0" offset="0" sl="29" sc="17" el="29" ec="18" />
                <SequencePoint vc="0" uspid="59" ordinal="1" offset="1" sl="29" sc="19" el="29" ec="33" />
                <SequencePoint vc="0" uspid="60" ordinal="2" offset="9" sl="29" sc="34" el="29" ec="35" />
              </SequencePoints>
              <BranchPoints />
              <MethodPoint xsi:type="SequencePoint" vc="0" uspid="58" ordinal="0" offset="0" sl="29" sc="17" el="29" ec="18" />
            </Method>
            <Method visited="false" cyclomaticComplexity="1" sequenceCoverage="0" branchCoverage="0" isConstructor="false" isStatic="false" isGetter="false" isSetter="false">
              <Summary numSequencePoints="2" visitedSequencePoints="0" numBranchPoints="1" visitedBranchPoints="0" sequenceCoverage="0" branchCoverage="0" maxCyclomaticComplexity="1" minCyclomaticComplexity="1" />
              <MetadataToken>100663309</MetadataToken>
              <Name>System.Void CombinifyWpf.App::InitializeComponent()</Name>
              <FileRef uid="7" />
              <SequencePoints>
                <SequencePoint vc="0" uspid="61" ordinal="0" offset="0" sl="47" sc="43" el="47" ec="44" />
                <SequencePoint vc="0" uspid="62" ordinal="1" offset="1" sl="4" sc="13" el="4" ec="96" />
              </SequencePoints>
              <BranchPoints />
              <MethodPoint xsi:type="SequencePoint" vc="0" uspid="61" ordinal="0" offset="0" sl="47" sc="43" el="47" ec="44" />
            </Method>
            <Method visited="false" cyclomaticComplexity="1" sequenceCoverage="0" branchCoverage="0" isConstructor="false" isStatic="true" isGetter="false" isSetter="false">
              <Summary numSequencePoints="0" visitedSequencePoints="0" numBranchPoints="0" visitedBranchPoints="0" sequenceCoverage="0" branchCoverage="0" maxCyclomaticComplexity="1" minCyclomaticComplexity="1" />
              <MetadataToken>100663310</MetadataToken>
              <Name>System.Void CombinifyWpf.App::Main()</Name>
              <SequencePoints />
              <BranchPoints />
              <MethodPoint vc="0" uspid="63" ordinal="0" offset="0" />
            </Method>
            <Method visited="false" cyclomaticComplexity="1" sequenceCoverage="0" branchCoverage="0" isConstructor="true" isStatic="false" isGetter="false" isSetter="false">
              <Summary numSequencePoints="0" visitedSequencePoints="0" numBranchPoints="0" visitedBranchPoints="0" sequenceCoverage="0" branchCoverage="0" maxCyclomaticComplexity="1" minCyclomaticComplexity="1" />
              <MetadataToken>100663311</MetadataToken>
              <Name>System.Void CombinifyWpf.App::.ctor()</Name>
              <SequencePoints />
              <BranchPoints />
              <MethodPoint vc="0" uspid="64" ordinal="0" offset="0" />
            </Method>
            <Method visited="false" cyclomaticComplexity="1" sequenceCoverage="0" branchCoverage="0" isConstructor="true" isStatic="true" isGetter="false" isSetter="false">
              <Summary numSequencePoints="2" visitedSequencePoints="0" numBranchPoints="1" visitedBranchPoints="0" sequenceCoverage="0" branchCoverage="0" maxCyclomaticComplexity="1" minCyclomaticComplexity="1" />
              <MetadataToken>100663312</MetadataToken>
              <Name>System.Void CombinifyWpf.App::.cctor()</Name>
              <FileRef uid="6" />
              <SequencePoints>
                <SequencePoint vc="0" uspid="65" ordinal="0" offset="0" sl="11" sc="9" el="11" ec="68" />
                <SequencePoint vc="0" uspid="66" ordinal="1" offset="10" sl="15" sc="9" el="15" ec="66" />
              </SequencePoints>
              <BranchPoints />
              <MethodPoint xsi:type="SequencePoint" vc="0" uspid="65" ordinal="0" offset="0" sl="11" sc="9" el="11" ec="68" />
            </Method>
          </Methods>
        </Class>
        <Class>
          <Summary numSequencePoints="6" visitedSequencePoints="0" numBranchPoints="2" visitedBranchPoints="0" sequenceCoverage="0" branchCoverage="0" maxCyclomaticComplexity="1" minCyclomaticComplexity="1" />
          <FullName>CombinifyWpf.Utils.Comber</FullName>
          <Methods>
            <Method visited="false" cyclomaticComplexity="1" sequenceCoverage="0" branchCoverage="0" isConstructor="true" isStatic="false" isGetter="false" isSetter="false">
              <Summary numSequencePoints="3" visitedSequencePoints="0" numBranchPoints="1" visitedBranchPoints="0" sequenceCoverage="0" branchCoverage="0" maxCyclomaticComplexity="1" minCyclomaticComplexity="1" />
              <MetadataToken>100663313</MetadataToken>
              <Name>System.Void CombinifyWpf.Utils.Comber::.ctor()</Name>
              <FileRef uid="8" />
              <SequencePoints>
                <SequencePoint vc="0" uspid="67" ordinal="0" offset="0" sl="47" sc="9" el="47" ec="24" />
                <SequencePoint vc="0" uspid="68" ordinal="1" offset="7" sl="47" sc="25" el="47" ec="26" />
                <SequencePoint vc="0" uspid="69" ordinal="2" offset="8" sl="47" sc="27" el="47" ec="28" />
              </SequencePoints>
              <BranchPoints />
              <MethodPoint xsi:type="SequencePoint" vc="0" uspid="67" ordinal="0" offset="0" sl="47" sc="9" el="47" ec="24" />
            </Method>
            <Method visited="false" cyclomaticComplexity="1" sequenceCoverage="0" branchCoverage="0" isConstructor="false" isStatic="false" isGetter="false" isSetter="false">
              <Summary numSequencePoints="3" visitedSequencePoints="0" numBranchPoints="1" visitedBranchPoints="0" sequenceCoverage="0" branchCoverage="0" maxCyclomaticComplexity="1" minCyclomaticComplexity="1" />
              <MetadataToken>100663314</MetadataToken>
              <Name>System.String CombinifyWpf.Utils.Comber::CombFile(System.String)</Name>
              <FileRef uid="8" />
              <SequencePoints>
                <SequencePoint vc="0" uspid="70" ordinal="0" offset="0" sl="49" sc="50" el="49" ec="51" />
                <SequencePoint vc="0" uspid="71" ordinal="1" offset="1" sl="50" sc="13" el="50" ec="28" />
                <SequencePoint vc="0" uspid="72" ordinal="2" offset="5" sl="51" sc="9" el="51" ec="10" />
              </SequencePoints>
              <BranchPoints />
              <MethodPoint xsi:type="SequencePoint" vc="0" uspid="70" ordinal="0" offset="0" sl="49" sc="50" el="49" ec="51" />
            </Method>
          </Methods>
        </Class>
        <Class>
          <Summary numSequencePoints="181" visitedSequencePoints="0" numBranchPoints="84" visitedBranchPoints="0" sequenceCoverage="0" branchCoverage="0" maxCyclomaticComplexity="22" minCyclomaticComplexity="1" />
          <FullName>CombinifyWpf.FolderSelectDialog</FullName>
          <Methods>
            <Method visited="false" cyclomaticComplexity="1" sequenceCoverage="0" branchCoverage="0" isConstructor="false" isStatic="false" isGetter="true" isSetter="false">
              <Summary numSequencePoints="0" visitedSequencePoints="0" numBranchPoints="0" visitedBranchPoints="0" sequenceCoverage="0" branchCoverage="0" maxCyclomaticComplexity="1" minCyclomaticComplexity="1" />
              <MetadataToken>100663315</MetadataToken>
              <Name>System.String CombinifyWpf.FolderSelectDialog::get_SelectedPath()</Name>
              <SequencePoints />
              <BranchPoints />
              <MethodPoint vc="0" uspid="73" ordinal="0" offset="0" />
            </Method>
            <Method visited="false" cyclomaticComplexity="1" sequenceCoverage="0" branchCoverage="0" isConstructor="false" isStatic="false" isGetter="false" isSetter="true">
              <Summary numSequencePoints="0" visitedSequencePoints="0" numBranchPoints="0" visitedBranchPoints="0" sequenceCoverage="0" branchCoverage="0" maxCyclomaticComplexity="1" minCyclomaticComplexity="1" />
              <MetadataToken>100663316</MetadataToken>
              <Name>System.Void CombinifyWpf.FolderSelectDialog::set_SelectedPath(System.String)</Name>
              <SequencePoints />
              <BranchPoints />
              <MethodPoint vc="0" uspid="74" ordinal="0" offset="0" />
            </Method>
            <Method visited="false" cyclomaticComplexity="1" sequenceCoverage="0" branchCoverage="0" isConstructor="true" isStatic="false" isGetter="false" isSetter="false">
              <Summary numSequencePoints="5" visitedSequencePoints="0" numBranchPoints="1" visitedBranchPoints="0" sequenceCoverage="0" branchCoverage="0" maxCyclomaticComplexity="1" minCyclomaticComplexity="1" />
              <MetadataToken>100663317</MetadataToken>
              <Name>System.Void CombinifyWpf.FolderSelectDialog::.ctor()</Name>
              <FileRef uid="9" />
              <SequencePoints>
                <SequencePoint vc="0" uspid="75" ordinal="0" offset="0" sl="22" sc="9" el="22" ec="41" />
                <SequencePoint vc="0" uspid="76" ordinal="1" offset="7" sl="26" sc="9" el="26" ec="36" />
                <SequencePoint vc="0" uspid="77" ordinal="2" offset="14" sl="26" sc="37" el="26" ec="38" />
                <SequencePoint vc="0" uspid="78" ordinal="3" offset="15" sl="27" sc="13" el="27" ec="35" />
                <SequencePoint vc="0" uspid="79" ordinal="4" offset="22" sl="28" sc="9" el="28" ec="10" />
              </SequencePoints>
              <BranchPoints />
              <MethodPoint xsi:type="SequencePoint" vc="0" uspid="75" ordinal="0" offset="0" sl="22" sc="9" el="22" ec="41" />
            </Method>
            <Method visited="false" cyclomaticComplexity="1" sequenceCoverage="0" branchCoverage="0" isConstructor="false" isStatic="false" isGetter="false" isSetter="false">
              <Summary numSequencePoints="2" visitedSequencePoints="0" numBranchPoints="1" visitedBranchPoints="0" sequenceCoverage="0" branchCoverage="0" maxCyclomaticComplexity="1" minCyclomaticComplexity="1" />
              <MetadataToken>100663318</MetadataToken>
              <Name>System.Void CombinifyWpf.FolderSelectDialog::OkButton_Click(System.Object,System.Windows.RoutedEventArgs)</Name>
              <FileRef uid="9" />
              <SequencePoints>
                <SequencePoint vc="0" uspid="80" ordinal="0" offset="0" sl="30" sc="73" el="30" ec="74" />
                <SequencePoint vc="0" uspid="81" ordinal="1" offset="1" sl="32" sc="9" el="32" ec="10" />
              </SequencePoints>
              <BranchPoints />
              <MethodPoint xsi:type="SequencePoint" vc="0" uspid="80" ordinal="0" offset="0" sl="30" sc="73" el="30" ec="74" />
            </Method>
            <Method visited="false" cyclomaticComplexity="1" sequenceCoverage="0" branchCoverage="0" isConstructor="false" isStatic="false" isGetter="false" isSetter="false">
              <Summary numSequencePoints="2" visitedSequencePoints="0" numBranchPoints="1" visitedBranchPoints="0" sequenceCoverage="0" branchCoverage="0" maxCyclomaticComplexity="1" minCyclomaticComplexity="1" />
              <MetadataToken>100663319</MetadataToken>
              <Name>System.Void CombinifyWpf.FolderSelectDialog::CancelButton_Click(System.Object,System.Windows.RoutedEventArgs)</Name>
              <FileRef uid="9" />
              <SequencePoints>
                <SequencePoint vc="0" uspid="82" ordinal="0" offset="0" sl="34" sc="77" el="34" ec="78" />
                <SequencePoint vc="0" uspid="83" ordinal="1" offset="1" sl="36" sc="9" el="36" ec="10" />
              </SequencePoints>
              <BranchPoints />
              <MethodPoint xsi:type="SequencePoint" vc="0" uspid="82" ordinal="0" offset="0" sl="34" sc="77" el="34" ec="78" />
            </Method>
            <Method visited="false" cyclomaticComplexity="2" sequenceCoverage="0" branchCoverage="0" isConstructor="false" isStatic="false" isGetter="false" isSetter="false">
              <Summary numSequencePoints="16" visitedSequencePoints="0" numBranchPoints="3" visitedBranchPoints="0" sequenceCoverage="0" branchCoverage="0" maxCyclomaticComplexity="2" minCyclomaticComplexity="2" />
              <MetadataToken>100663320</MetadataToken>
              <Name>System.Void CombinifyWpf.FolderSelectDialog::Window_Loaded(System.Object,System.Windows.RoutedEventArgs)</Name>
              <FileRef uid="9" />
              <SequencePoints>
                <SequencePoint vc="0" uspid="84" ordinal="0" offset="0" sl="38" sc="72" el="38" ec="73" />
                <SequencePoint vc="0" uspid="85" ordinal="1" offset="1" sl="39" sc="13" el="39" ec="77" />
                <SequencePoint vc="0" uspid="86" ordinal="2" offset="13" sl="40" sc="13" el="40" ec="20" />
                <SequencePoint vc="0" uspid="87" ordinal="3" offset="14" sl="40" sc="34" el="40" ec="38" />
                <SequencePoint vc="0" uspid="88" ordinal="4" offset="23" sl="40" sc="22" el="40" ec="30" />
                <SequencePoint vc="0" uspid="89" ordinal="5" offset="31" sl="40" sc="41" el="40" ec="42" />
                <SequencePoint vc="0" uspid="90" ordinal="6" offset="32" sl="41" sc="17" el="41" ec="56" />
                <SequencePoint vc="0" uspid="91" ordinal="7" offset="38" sl="42" sc="17" el="42" ec="33" />
                <SequencePoint vc="0" uspid="92" ordinal="8" offset="46" sl="43" sc="17" el="43" ec="30" />
                <SequencePoint vc="0" uspid="93" ordinal="9" offset="54" sl="44" sc="17" el="44" ec="54" />
                <SequencePoint vc="0" uspid="94" ordinal="10" offset="66" sl="45" sc="17" el="45" ec="45" />
                <SequencePoint vc="0" uspid="95" ordinal="11" offset="84" sl="46" sc="17" el="46" ec="76" />
                <SequencePoint vc="0" uspid="96" ordinal="12" offset="103" sl="47" sc="17" el="47" ec="45" />
                <SequencePoint vc="0" uspid="97" ordinal="13" offset="121" sl="48" sc="13" el="48" ec="14" />
                <SequencePoint vc="0" uspid="98" ordinal="14" offset="122" sl="40" sc="31" el="40" ec="33" />
                <SequencePoint vc="0" uspid="99" ordinal="15" offset="153" sl="49" sc="9" el="49" ec="10" />
              </SequencePoints>
              <BranchPoints>
                <BranchPoint vc="0" uspid="100" ordinal="0" offset="133" path="0" />
                <BranchPoint vc="0" uspid="101" ordinal="1" offset="133" path="1" />
              </BranchPoints>
              <MethodPoint xsi:type="SequencePoint" vc="0" uspid="84" ordinal="0" offset="0" sl="38" sc="72" el="38" ec="73" />
            </Method>
            <Method visited="false" cyclomaticComplexity="3" sequenceCoverage="0" branchCoverage="0" isConstructor="false" isStatic="false" isGetter="false" isSetter="false">
              <Summary numSequencePoints="15" visitedSequencePoints="0" numBranchPoints="5" visitedBranchPoints="0" sequenceCoverage="0" branchCoverage="0" maxCyclomaticComplexity="3" minCyclomaticComplexity="3" />
              <MetadataToken>100663321</MetadataToken>
              <Name>System.Void CombinifyWpf.FolderSelectDialog::folder_Expanded(System.Object,System.Windows.RoutedEventArgs)</Name>
              <FileRef uid="9" />
              <SequencePoints>
                <SequencePoint vc="0" uspid="102" ordinal="0" offset="0" sl="51" sc="74" el="51" ec="75" />
                <SequencePoint vc="0" uspid="103" ordinal="1" offset="1" sl="52" sc="13" el="52" ec="56" />
                <SequencePoint vc="0" uspid="104" ordinal="2" offset="8" sl="53" sc="13" el="53" ec="72" />
                <SequencePoint vc="0" uspid="105" ordinal="3" offset="52" sl="53" sc="73" el="53" ec="74" />
                <SequencePoint vc="0" uspid="106" ordinal="4" offset="53" sl="54" sc="17" el="54" ec="36" />
                <SequencePoint vc="0" uspid="107" ordinal="5" offset="65" sl="55" sc="21" el="55" ec="22" />
                <SequencePoint vc="0" uspid="108" ordinal="6" offset="66" sl="56" sc="21" el="56" ec="104" />
                <SequencePoint vc="0" uspid="109" ordinal="7" offset="89" sl="57" sc="21" el="57" ec="93" />
                <SequencePoint vc="0" uspid="110" ordinal="8" offset="112" sl="58" sc="21" el="58" ec="74" />
                <SequencePoint vc="0" uspid="111" ordinal="9" offset="134" sl="59" sc="17" el="59" ec="18" />
                <SequencePoint vc="0" uspid="112" ordinal="10" offset="137" sl="60" sc="17" el="60" ec="35" />
                <SequencePoint vc="0" uspid="113" ordinal="11" offset="138" sl="60" sc="36" el="60" ec="37" />
                <SequencePoint vc="0" uspid="114" ordinal="12" offset="139" sl="60" sc="38" el="60" ec="39" />
                <SequencePoint vc="0" uspid="115" ordinal="13" offset="143" sl="61" sc="13" el="61" ec="14" />
                <SequencePoint vc="0" uspid="116" ordinal="14" offset="144" sl="62" sc="9" el="62" ec="10" />
              </SequencePoints>
              <BranchPoints>
                <BranchPoint vc="0" uspid="117" ordinal="0" offset="20" path="0" />
                <BranchPoint vc="0" uspid="118" ordinal="1" offset="20" path="1" />
                <BranchPoint vc="0" uspid="119" ordinal="2" offset="50" path="0" />
                <BranchPoint vc="0" uspid="120" ordinal="3" offset="50" path="1" />
              </BranchPoints>
              <MethodPoint xsi:type="SequencePoint" vc="0" uspid="102" ordinal="0" offset="0" sl="51" sc="74" el="51" ec="75" />
            </Method>
            <Method visited="false" cyclomaticComplexity="1" sequenceCoverage="0" branchCoverage="0" isConstructor="false" isStatic="false" isGetter="false" isSetter="false">
              <Summary numSequencePoints="6" visitedSequencePoints="0" numBranchPoints="1" visitedBranchPoints="0" sequenceCoverage="0" branchCoverage="0" maxCyclomaticComplexity="1" minCyclomaticComplexity="1" />
              <MetadataToken>100663322</MetadataToken>
              <Name>System.Void CombinifyWpf.FolderSelectDialog::LocalTree_SelectedItemChanged(System.Object,System.Windows.RoutedPropertyChangedEventArgs`1&lt;System.Object&gt;)</Name>
              <FileRef uid="9" />
              <SequencePoints>
                <SequencePoint vc="0" uspid="121" ordinal="0" offset="0" sl="64" sc="111" el="64" ec="112" />
                <SequencePoint vc="0" uspid="122" ordinal="1" offset="1" sl="65" sc="13" el="65" ec="48" />
                <SequencePoint vc="0" uspid="123" ordinal="2" offset="8" sl="66" sc="13" el="66" ec="71" />
                <SequencePoint vc="0" uspid="124" ordinal="3" offset="20" sl="67" sc="13" el="67" ec="63" />
                <SequencePoint vc="0" uspid="125" ordinal="4" offset="31" sl="68" sc="13" el="68" ec="41" />
                <SequencePoint vc="0" uspid="126" ordinal="5" offset="38" sl="69" sc="9" el="69" ec="10" />
              </SequencePoints>
              <BranchPoints />
              <MethodPoint xsi:type="SequencePoint" vc="0" uspid="121" ordinal="0" offset="0" sl="64" sc="111" el="64" ec="112" />
            </Method>
            <Method visited="false" cyclomaticComplexity="1" sequenceCoverage="0" branchCoverage="0" isConstructor="false" isStatic="false" isGetter="false" isSetter="false">
              <Summary numSequencePoints="2" visitedSequencePoints="0" numBranchPoints="1" visitedBranchPoints="0" sequenceCoverage="0" branchCoverage="0" maxCyclomaticComplexity="1" minCyclomaticComplexity="1" />
              <MetadataToken>100663323</MetadataToken>
              <Name>System.Void CombinifyWpf.FolderSelectDialog::LocalTree_MouseDoubleClick(System.Object,System.Windows.Input.MouseButtonEventArgs)</Name>
              <FileRef uid="9" />
              <SequencePoints>
                <SequencePoint vc="0" uspid="127" ordinal="0" offset="0" sl="71" sc="90" el="71" ec="91" />
                <SequencePoint vc="0" uspid="128" ordinal="1" offset="1" sl="73" sc="9" el="73" ec="10" />
              </SequencePoints>
              <BranchPoints />
              <MethodPoint xsi:type="SequencePoint" vc="0" uspid="127" ordinal="0" offset="0" sl="71" sc="90" el="71" ec="91" />
            </Method>
            <Method visited="false" cyclomaticComplexity="1" sequenceCoverage="0" branchCoverage="0" isConstructor="false" isStatic="false" isGetter="false" isSetter="false">
              <Summary numSequencePoints="6" visitedSequencePoints="0" numBranchPoints="1" visitedBranchPoints="0" sequenceCoverage="0" branchCoverage="0" maxCyclomaticComplexity="1" minCyclomaticComplexity="1" />
              <MetadataToken>100663324</MetadataToken>
              <Name>System.Void CombinifyWpf.FolderSelectDialog::RemoteTree_SelectedItemChanged(System.Object,System.Windows.RoutedPropertyChangedEventArgs`1&lt;System.Object&gt;)</Name>
              <FileRef uid="9" />
              <SequencePoints>
                <SequencePoint vc="0" uspid="129" ordinal="0" offset="0" sl="75" sc="112" el="75" ec="113" />
                <SequencePoint vc="0" uspid="130" ordinal="1" offset="1" sl="76" sc="13" el="76" ec="48" />
                <SequencePoint vc="0" uspid="131" ordinal="2" offset="8" sl="77" sc="13" el="77" ec="71" />
                <SequencePoint vc="0" uspid="132" ordinal="3" offset="20" sl="78" sc="13" el="78" ec="62" />
                <SequencePoint vc="0" uspid="133" ordinal="4" offset="31" sl="79" sc="13" el="79" ec="41" />
                <SequencePoint vc="0" uspid="134" ordinal="5" offset="38" sl="80" sc="9" el="80" ec="10" />
              </SequencePoints>
              <BranchPoints />
              <MethodPoint xsi:type="SequencePoint" vc="0" uspid="129" ordinal="0" offset="0" sl="75" sc="112" el="75" ec="113" />
            </Method>
            <Method visited="false" cyclomaticComplexity="1" sequenceCoverage="0" branchCoverage="0" isConstructor="false" isStatic="false" isGetter="false" isSetter="false">
              <Summary numSequencePoints="2" visitedSequencePoints="0" numBranchPoints="1" visitedBranchPoints="0" sequenceCoverage="0" branchCoverage="0" maxCyclomaticComplexity="1" minCyclomaticComplexity="1" />
              <MetadataToken>100663325</MetadataToken>
              <Name>System.Void CombinifyWpf.FolderSelectDialog::RemoteTree_MouseDoubleClick(System.Object,System.Windows.Input.MouseButtonEventArgs)</Name>
              <FileRef uid="9" />
              <SequencePoints>
                <SequencePoint vc="0" uspid="135" ordinal="0" offset="0" sl="82" sc="91" el="82" ec="92" />
                <SequencePoint vc="0" uspid="136" ordinal="1" offset="1" sl="84" sc="9" el="84" ec="10" />
              </SequencePoints>
              <BranchPoints />
              <MethodPoint xsi:type="SequencePoint" vc="0" uspid="135" ordinal="0" offset="0" sl="82" sc="91" el="82" ec="92" />
            </Method>
            <Method visited="false" cyclomaticComplexity="2" sequenceCoverage="0" branchCoverage="0" isConstructor="false" isStatic="false" isGetter="false" isSetter="false">
              <Summary numSequencePoints="18" visitedSequencePoints="0" numBranchPoints="3" visitedBranchPoints="0" sequenceCoverage="0" branchCoverage="0" maxCyclomaticComplexity="2" minCyclomaticComplexity="2" />
              <MetadataToken>100663326</MetadataToken>
              <Name>System.Void CombinifyWpf.FolderSelectDialog::ConnectButton_Click(System.Object,System.Windows.RoutedEventArgs)</Name>
              <FileRef uid="9" />
              <SequencePoints>
                <SequencePoint vc="0" uspid="137" ordinal="0" offset="0" sl="86" sc="78" el="86" ec="79" />
                <SequencePoint vc="0" uspid="138" ordinal="1" offset="1" sl="87" sc="13" el="87" ec="137" />
                <SequencePoint vc="0" uspid="139" ordinal="2" offset="72" sl="88" sc="13" el="88" ec="85" />
                <SequencePoint vc="0" uspid="140" ordinal="3" offset="95" sl="89" sc="13" el="89" ec="74" />
                <SequencePoint vc="0" uspid="141" ordinal="4" offset="118" sl="91" sc="13" el="91" ec="52" />
                <SequencePoint vc="0" uspid="142" ordinal="5" offset="124" sl="92" sc="13" el="92" ec="31" />
                <SequencePoint vc="0" uspid="143" ordinal="6" offset="136" sl="93" sc="13" el="93" ec="28" />
                <SequencePoint vc="0" uspid="144" ordinal="7" offset="148" sl="94" sc="13" el="94" ec="50" />
                <SequencePoint vc="0" uspid="145" ordinal="8" offset="160" sl="95" sc="13" el="95" ec="78" />
                <SequencePoint vc="0" uspid="146" ordinal="9" offset="179" sl="96" sc="13" el="96" ec="42" />
                <SequencePoint vc="0" uspid="147" ordinal="10" offset="197" sl="98" sc="13" el="98" ec="35" />
                <SequencePoint vc="0" uspid="148" ordinal="11" offset="213" sl="98" sc="36" el="98" ec="37" />
                <SequencePoint vc="0" uspid="149" ordinal="12" offset="214" sl="99" sc="17" el="99" ec="90" />
                <SequencePoint vc="0" uspid="150" ordinal="13" offset="254" sl="100" sc="13" el="100" ec="14" />
                <SequencePoint vc="0" uspid="151" ordinal="14" offset="257" sl="101" sc="18" el="101" ec="19" />
                <SequencePoint vc="0" uspid="152" ordinal="15" offset="258" sl="102" sc="17" el="102" ec="45" />
                <SequencePoint vc="0" uspid="153" ordinal="16" offset="276" sl="103" sc="13" el="103" ec="14" />
                <SequencePoint vc="0" uspid="154" ordinal="17" offset="277" sl="104" sc="9" el="104" ec="10" />
              </SequencePoints>
              <BranchPoints>
                <BranchPoint vc="0" uspid="155" ordinal="0" offset="211" path="0" />
                <BranchPoint vc="0" uspid="156" ordinal="1" offset="211" path="1" />
              </BranchPoints>
              <MethodPoint xsi:type="SequencePoint" vc="0" uspid="137" ordinal="0" offset="0" sl="86" sc="78" el="86" ec="79" />
            </Method>
            <Method visited="false" cyclomaticComplexity="3" sequenceCoverage="0" branchCoverage="0" isConstructor="false" isStatic="false" isGetter="false" isSetter="false">
              <Summary numSequencePoints="16" visitedSequencePoints="0" numBranchPoints="5" visitedBranchPoints="0" sequenceCoverage="0" branchCoverage="0" maxCyclomaticComplexity="3" minCyclomaticComplexity="3" />
              <MetadataToken>100663327</MetadataToken>
              <Name>System.Void CombinifyWpf.FolderSelectDialog::remoteFolder_Expanded(System.Object,System.Windows.RoutedEventArgs)</Name>
              <FileRef uid="9" />
              <SequencePoints>
                <SequencePoint vc="0" uspid="157" ordinal="0" offset="0" sl="106" sc="80" el="106" ec="81" />
                <SequencePoint vc="0" uspid="158" ordinal="1" offset="1" sl="107" sc="13" el="107" ec="56" />
                <SequencePoint vc="0" uspid="159" ordinal="2" offset="8" sl="108" sc="13" el="108" ec="72" />
                <SequencePoint vc="0" uspid="160" ordinal="3" offset="54" sl="108" sc="73" el="108" ec="74" />
                <SequencePoint vc="0" uspid="161" ordinal="4" offset="55" sl="109" sc="17" el="109" ec="36" />
                <SequencePoint vc="0" uspid="162" ordinal="5" offset="67" sl="110" sc="21" el="110" ec="22" />
                <SequencePoint vc="0" uspid="163" ordinal="6" offset="68" sl="111" sc="21" el="111" ec="84" />
                <SequencePoint vc="0" uspid="164" ordinal="7" offset="90" sl="112" sc="21" el="112" ec="101" />
                <SequencePoint vc="0" uspid="165" ordinal="8" offset="119" sl="113" sc="21" el="113" ec="90" />
                <SequencePoint vc="0" uspid="166" ordinal="9" offset="148" sl="114" sc="21" el="114" ec="80" />
                <SequencePoint vc="0" uspid="167" ordinal="10" offset="170" sl="115" sc="17" el="115" ec="18" />
                <SequencePoint vc="0" uspid="168" ordinal="11" offset="173" sl="116" sc="17" el="116" ec="35" />
                <SequencePoint vc="0" uspid="169" ordinal="12" offset="174" sl="116" sc="36" el="116" ec="37" />
                <SequencePoint vc="0" uspid="170" ordinal="13" offset="175" sl="116" sc="38" el="116" ec="39" />
                <SequencePoint vc="0" uspid="171" ordinal="14" offset="179" sl="117" sc="13" el="117" ec="14" />
                <SequencePoint vc="0" uspid="172" ordinal="15" offset="180" sl="118" sc="9" el="118" ec="10" />
              </SequencePoints>
              <BranchPoints>
                <BranchPoint vc="0" uspid="173" ordinal="0" offset="20" path="0" />
                <BranchPoint vc="0" uspid="174" ordinal="1" offset="20" path="1" />
                <BranchPoint vc="0" uspid="175" ordinal="2" offset="52" path="0" />
                <BranchPoint vc="0" uspid="176" ordinal="3" offset="52" path="1" />
              </BranchPoints>
              <MethodPoint xsi:type="SequencePoint" vc="0" uspid="157" ordinal="0" offset="0" sl="106" sc="80" el="106" ec="81" />
            </Method>
            <Method visited="false" cyclomaticComplexity="7" sequenceCoverage="0" branchCoverage="0" isConstructor="false" isStatic="false" isGetter="false" isSetter="false">
              <Summary numSequencePoints="32" visitedSequencePoints="0" numBranchPoints="13" visitedBranchPoints="0" sequenceCoverage="0" branchCoverage="0" maxCyclomaticComplexity="7" minCyclomaticComplexity="7" />
              <MetadataToken>100663328</MetadataToken>
              <Name>System.Void CombinifyWpf.FolderSelectDialog::CreateSubNodes(System.Collections.Generic.IEnumerable`1&lt;System.String&gt;,System.Collections.Generic.IEnumerable`1&lt;System.String&gt;,System.Windows.Controls.TreeViewItem,System.Windows.RoutedEventHandler)</Name>
              <FileRef uid="9" />
              <SequencePoints>
                <SequencePoint vc="0" uspid="177" ordinal="0" offset="0" sl="120" sc="147" el="120" ec="148" />
                <SequencePoint vc="0" uspid="178" ordinal="1" offset="1" sl="121" sc="13" el="121" ec="20" />
                <SequencePoint vc="0" uspid="179" ordinal="2" offset="2" sl="121" sc="34" el="121" ec="45" />
                <SequencePoint vc="0" uspid="180" ordinal="3" offset="11" sl="121" sc="22" el="121" ec="30" />
                <SequencePoint vc="0" uspid="181" ordinal="4" offset="18" sl="121" sc="48" el="121" ec="49" />
                <SequencePoint vc="0" uspid="182" ordinal="5" offset="19" sl="122" sc="17" el="122" ec="54" />
                <SequencePoint vc="0" uspid="183" ordinal="6" offset="31" sl="122" sc="55" el="122" ec="56" />
                <SequencePoint vc="0" uspid="184" ordinal="7" offset="32" sl="123" sc="21" el="123" ec="63" />
                <SequencePoint vc="0" uspid="185" ordinal="8" offset="38" sl="124" sc="21" el="124" ec="79" />
                <SequencePoint vc="0" uspid="186" ordinal="9" offset="64" sl="125" sc="21" el="125" ec="37" />
                <SequencePoint vc="0" uspid="187" ordinal="10" offset="72" sl="126" sc="21" el="126" ec="61" />
                <SequencePoint vc="0" uspid="188" ordinal="11" offset="84" sl="127" sc="21" el="127" ec="52" />
                <SequencePoint vc="0" uspid="189" ordinal="12" offset="102" sl="128" sc="21" el="128" ec="50" />
                <SequencePoint vc="0" uspid="190" ordinal="13" offset="111" sl="129" sc="21" el="129" ec="47" />
                <SequencePoint vc="0" uspid="191" ordinal="14" offset="124" sl="130" sc="17" el="130" ec="18" />
                <SequencePoint vc="0" uspid="192" ordinal="15" offset="125" sl="131" sc="13" el="131" ec="14" />
                <SequencePoint vc="0" uspid="193" ordinal="16" offset="126" sl="121" sc="31" el="121" ec="33" />
                <SequencePoint vc="0" uspid="194" ordinal="17" offset="159" sl="133" sc="13" el="133" ec="20" />
                <SequencePoint vc="0" uspid="195" ordinal="18" offset="160" sl="133" sc="34" el="133" ec="39" />
                <SequencePoint vc="0" uspid="196" ordinal="19" offset="169" sl="133" sc="22" el="133" ec="30" />
                <SequencePoint vc="0" uspid="197" ordinal="20" offset="176" sl="133" sc="42" el="133" ec="43" />
                <SequencePoint vc="0" uspid="198" ordinal="21" offset="177" sl="134" sc="17" el="134" ec="54" />
                <SequencePoint vc="0" uspid="199" ordinal="22" offset="189" sl="134" sc="55" el="134" ec="56" />
                <SequencePoint vc="0" uspid="200" ordinal="23" offset="190" sl="135" sc="21" el="135" ec="63" />
                <SequencePoint vc="0" uspid="201" ordinal="24" offset="196" sl="136" sc="21" el="136" ec="79" />
                <SequencePoint vc="0" uspid="202" ordinal="25" offset="222" sl="137" sc="21" el="137" ec="37" />
                <SequencePoint vc="0" uspid="203" ordinal="26" offset="230" sl="138" sc="21" el="138" ec="61" />
                <SequencePoint vc="0" uspid="204" ordinal="27" offset="242" sl="139" sc="21" el="139" ec="47" />
                <SequencePoint vc="0" uspid="205" ordinal="28" offset="255" sl="140" sc="17" el="140" ec="18" />
                <SequencePoint vc="0" uspid="206" ordinal="29" offset="256" sl="141" sc="13" el="141" ec="14" />
                <SequencePoint vc="0" uspid="207" ordinal="30" offset="257" sl="133" sc="31" el="133" ec="33" />
                <SequencePoint vc="0" uspid="208" ordinal="31" offset="290" sl="142" sc="9" el="142" ec="10" />
              </SequencePoints>
              <BranchPoints>
                <BranchPoint vc="0" uspid="209" ordinal="0" offset="29" path="0" />
                <BranchPoint vc="0" uspid="210" ordinal="1" offset="29" path="1" />
                <BranchPoint vc="0" uspid="211" ordinal="2" offset="136" path="0" />
                <BranchPoint vc="0" uspid="212" ordinal="3" offset="136" path="1" />
                <BranchPoint vc="0" uspid="213" ordinal="4" offset="148" path="0" />
                <BranchPoint vc="0" uspid="214" ordinal="5" offset="148" path="1" />
                <BranchPoint vc="0" uspid="215" ordinal="6" offset="187" path="0" />
                <BranchPoint vc="0" uspid="216" ordinal="7" offset="187" path="1" />
                <BranchPoint vc="0" uspid="217" ordinal="8" offset="267" path="0" />
                <BranchPoint vc="0" uspid="218" ordinal="9" offset="267" path="1" />
                <BranchPoint vc="0" uspid="219" ordinal="10" offset="279" path="0" />
                <BranchPoint vc="0" uspid="220" ordinal="11" offset="279" path="1" />
              </BranchPoints>
              <MethodPoint xsi:type="SequencePoint" vc="0" uspid="177" ordinal="0" offset="0" sl="120" sc="147" el="120" ec="148" />
            </Method>
            <Method visited="false" cyclomaticComplexity="4" sequenceCoverage="0" branchCoverage="0" isConstructor="false" isStatic="false" isGetter="false" isSetter="false">
              <Summary numSequencePoints="23" visitedSequencePoints="0" numBranchPoints="7" visitedBranchPoints="0" sequenceCoverage="0" branchCoverage="0" maxCyclomaticComplexity="4" minCyclomaticComplexity="4" />
              <MetadataToken>100663329</MetadataToken>
              <Name>System.String CombinifyWpf.FolderSelectDialog::GetFilePath(System.Windows.Controls.TreeView,System.Windows.Controls.TreeViewItem,System.Char)</Name>
              <FileRef uid="9" />
              <SequencePoints>
                <SequencePoint vc="0" uspid="221" ordinal="0" offset="0" sl="144" sc="88" el="144" ec="89" />
                <SequencePoint vc="0" uspid="222" ordinal="1" offset="1" sl="145" sc="13" el="145" ec="31" />
                <SequencePoint vc="0" uspid="223" ordinal="2" offset="14" sl="145" sc="32" el="145" ec="33" />
                <SequencePoint vc="0" uspid="224" ordinal="3" offset="15" sl="146" sc="17" el="146" ec="37" />
                <SequencePoint vc="0" uspid="225" ordinal="4" offset="26" sl="149" sc="13" el="149" ec="30" />
                <SequencePoint vc="0" uspid="226" ordinal="5" offset="32" sl="150" sc="13" el="150" ec="31" />
                <SequencePoint vc="0" uspid="227" ordinal="6" offset="38" sl="151" sc="13" el="151" ec="31" />
                <SequencePoint vc="0" uspid="228" ordinal="7" offset="46" sl="152" sc="27" el="152" ec="28" />
                <SequencePoint vc="0" uspid="229" ordinal="8" offset="47" sl="153" sc="17" el="153" ec="48" />
                <SequencePoint vc="0" uspid="230" ordinal="9" offset="59" sl="154" sc="17" el="154" ec="50" />
                <SequencePoint vc="0" uspid="231" ordinal="10" offset="75" sl="154" sc="51" el="154" ec="52" />
                <SequencePoint vc="0" uspid="232" ordinal="11" offset="76" sl="155" sc="21" el="155" ec="32" />
                <SequencePoint vc="0" uspid="233" ordinal="12" offset="82" sl="156" sc="17" el="156" ec="18" />
                <SequencePoint vc="0" uspid="234" ordinal="13" offset="83" sl="157" sc="17" el="157" ec="45" />
                <SequencePoint vc="0" uspid="235" ordinal="14" offset="92" sl="158" sc="17" el="158" ec="73" />
                <SequencePoint vc="0" uspid="236" ordinal="15" offset="127" sl="158" sc="74" el="158" ec="75" />
                <SequencePoint vc="0" uspid="237" ordinal="16" offset="128" sl="159" sc="21" el="159" ec="27" />
                <SequencePoint vc="0" uspid="238" ordinal="17" offset="130" sl="161" sc="17" el="161" ec="56" />
                <SequencePoint vc="0" uspid="239" ordinal="18" offset="143" sl="162" sc="17" el="162" ec="46" />
                <SequencePoint vc="0" uspid="240" ordinal="19" offset="151" sl="163" sc="13" el="163" ec="14" />
                <SequencePoint vc="0" uspid="241" ordinal="20" offset="152" sl="152" sc="13" el="152" ec="26" />
                <SequencePoint vc="0" uspid="242" ordinal="21" offset="157" sl="165" sc="13" el="165" ec="25" />
                <SequencePoint vc="0" uspid="243" ordinal="22" offset="161" sl="166" sc="9" el="166" ec="10" />
              </SequencePoints>
              <BranchPoints>
                <BranchPoint vc="0" uspid="244" ordinal="0" offset="12" path="0" />
                <BranchPoint vc="0" uspid="245" ordinal="1" offset="12" path="1" />
                <BranchPoint vc="0" uspid="246" ordinal="2" offset="73" path="0" />
                <BranchPoint vc="0" uspid="247" ordinal="3" offset="73" path="1" />
                <BranchPoint vc="0" uspid="248" ordinal="4" offset="125" path="0" />
                <BranchPoint vc="0" uspid="249" ordinal="5" offset="125" path="1" />
              </BranchPoints>
              <MethodPoint xsi:type="SequencePoint" vc="0" uspid="221" ordinal="0" offset="0" sl="144" sc="88" el="144" ec="89" />
            </Method>
            <Method visited="false" cyclomaticComplexity="2" sequenceCoverage="0" branchCoverage="0" isConstructor="false" isStatic="false" isGetter="false" isSetter="false">
              <Summary numSequencePoints="3" visitedSequencePoints="0" numBranchPoints="3" visitedBranchPoints="0" sequenceCoverage="0" branchCoverage="0" maxCyclomaticComplexity="2" minCyclomaticComplexity="2" />
              <MetadataToken>100663330</MetadataToken>
              <Name>System.Collections.Generic.List`1&lt;System.String&gt; CombinifyWpf.FolderSelectDialog::FilterLocalDirectory(System.Collections.Generic.IEnumerable`1&lt;System.String&gt;)</Name>
              <FileRef uid="9" />
              <SequencePoints>
                <SequencePoint vc="0" uspid="250" ordinal="0" offset="0" sl="168" sc="86" el="168" ec="87" />
                <SequencePoint vc="0" uspid="251" ordinal="1" offset="1" sl="169" sc="13" el="177" ec="41" />
                <SequencePoint vc="0" uspid="252" ordinal="2" offset="46" sl="178" sc="9" el="178" ec="10" />
              </SequencePoints>
              <BranchPoints>
                <BranchPoint vc="0" uspid="253" ordinal="0" offset="7" path="0" />
                <BranchPoint vc="0" uspid="254" ordinal="1" offset="7" path="1" />
              </BranchPoints>
              <MethodPoint xsi:type="SequencePoint" vc="0" uspid="250" ordinal="0" offset="0" sl="168" sc="86" el="168" ec="87" />
            </Method>
            <Method visited="false" cyclomaticComplexity="2" sequenceCoverage="0" branchCoverage="0" isConstructor="false" isStatic="false" isGetter="false" isSetter="false">
              <Summary numSequencePoints="3" visitedSequencePoints="0" numBranchPoints="3" visitedBranchPoints="0" sequenceCoverage="0" branchCoverage="0" maxCyclomaticComplexity="2" minCyclomaticComplexity="2" />
              <MetadataToken>100663331</MetadataToken>
[...]
              </SequencePoints>
              <BranchPoints>
                <BranchPoint vc="0" uspid="3715" ordinal="0" offset="12" path="0" />
                <BranchPoint vc="0" uspid="3716" ordinal="1" offset="12" path="1" />
              </BranchPoints>
              <MethodPoint vc="0" uspid="3714" ordinal="0" offset="0" />
            </Method>
            <Method visited="false" cyclomaticComplexity="2" sequenceCoverage="0" branchCoverage="0" isConstructor="false" isStatic="false" isGetter="false" isSetter="false">
              <Summary numSequencePoints="0" visitedSequencePoints="0" numBranchPoints="2" visitedBranchPoints="0" sequenceCoverage="0" branchCoverage="0" maxCyclomaticComplexity="2" minCyclomaticComplexity="2" />
              <MetadataToken>100663770</MetadataToken>
              <Name>System.Void CombinifyWpf.Controls.AdHocTreeView::System.Windows.Markup.IComponentConnector.Connect(System.Int32,System.Object)</Name>
              <SequencePoints />
              <BranchPoints>
                <BranchPoint vc="0" uspid="3718" ordinal="0" offset="5" path="0" />
                <BranchPoint vc="0" uspid="3719" ordinal="1" offset="5" path="1" />
              </BranchPoints>
              <MethodPoint vc="0" uspid="3717" ordinal="0" offset="0" />
            </Method>
          </Methods>
        </Class>
        <Class>
          <Summary numSequencePoints="41" visitedSequencePoints="0" numBranchPoints="18" visitedBranchPoints="0" sequenceCoverage="0" branchCoverage="0" maxCyclomaticComplexity="5" minCyclomaticComplexity="1" />
          <FullName>CombinifyWpf.Utils.ColorCompressor</FullName>
          <Methods>
            <Method visited="false" cyclomaticComplexity="1" sequenceCoverage="0" branchCoverage="0" isConstructor="true" isStatic="false" isGetter="false" isSetter="false">
              <Summary numSequencePoints="5" visitedSequencePoints="0" numBranchPoints="1" visitedBranchPoints="0" sequenceCoverage="0" branchCoverage="0" maxCyclomaticComplexity="1" minCyclomaticComplexity="1" />
              <MetadataToken>100663771</MetadataToken>
              <Name>System.Void CombinifyWpf.Utils.ColorCompressor::.ctor()</Name>
              <FileRef uid="58" />
              <SequencePoints>
                <SequencePoint vc="0" uspid="3720" ordinal="0" offset="0" sl="51" sc="9" el="51" ec="33" />
                <SequencePoint vc="0" uspid="3721" ordinal="1" offset="7" sl="51" sc="34" el="51" ec="35" />
                <SequencePoint vc="0" uspid="3722" ordinal="2" offset="8" sl="54" sc="13" el="66" ec="15" />
                <SequencePoint vc="0" uspid="3723" ordinal="3" offset="582" sl="68" sc="13" el="107" ec="15" />
                <SequencePoint vc="0" uspid="3724" ordinal="4" offset="2533" sl="108" sc="9" el="108" ec="10" />
              </SequencePoints>
              <BranchPoints />
              <MethodPoint xsi:type="SequencePoint" vc="0" uspid="3720" ordinal="0" offset="0" sl="51" sc="9" el="51" ec="33" />
            </Method>
            <Method visited="false" cyclomaticComplexity="5" sequenceCoverage="0" branchCoverage="0" isConstructor="false" isStatic="false" isGetter="false" isSetter="false">
              <Summary numSequencePoints="9" visitedSequencePoints="0" numBranchPoints="9" visitedBranchPoints="0" sequenceCoverage="0" branchCoverage="0" maxCyclomaticComplexity="5" minCyclomaticComplexity="5" />
              <MetadataToken>100663772</MetadataToken>
              <Name>System.String CombinifyWpf.Utils.ColorCompressor::CompressHex(System.String)</Name>
              <FileRef uid="58" />
              <SequencePoints>
                <SequencePoint vc="0" uspid="3725" ordinal="0" offset="0" sl="117" sc="49" el="117" ec="50" />
                <SequencePoint vc="0" uspid="3726" ordinal="1" offset="1" sl="118" sc="13" el="118" ec="34" />
                <SequencePoint vc="0" uspid="3727" ordinal="2" offset="20" sl="118" sc="35" el="118" ec="36" />
                <SequencePoint vc="0" uspid="3728" ordinal="3" offset="21" sl="119" sc="17" el="119" ec="91" />
                <SequencePoint vc="0" uspid="3729" ordinal="4" offset="79" sl="119" sc="92" el="119" ec="93" />
                <SequencePoint vc="0" uspid="3730" ordinal="5" offset="80" sl="120" sc="21" el="120" ec="79" />
                <SequencePoint vc="0" uspid="3731" ordinal="6" offset="154" sl="122" sc="13" el="122" ec="14" />
                <SequencePoint vc="0" uspid="3732" ordinal="7" offset="155" sl="124" sc="13" el="124" ec="44" />
                <SequencePoint vc="0" uspid="3733" ordinal="8" offset="174" sl="125" sc="9" el="125" ec="10" />
              </SequencePoints>
              <BranchPoints>
                <BranchPoint vc="0" uspid="3734" ordinal="0" offset="15" path="0" />
                <BranchPoint vc="0" uspid="3735" ordinal="1" offset="15" path="1" />
                <BranchPoint vc="0" uspid="3736" ordinal="2" offset="35" path="0" />
                <BranchPoint vc="0" uspid="3737" ordinal="3" offset="35" path="1" />
                <BranchPoint vc="0" uspid="3738" ordinal="4" offset="51" path="0" />
                <BranchPoint vc="0" uspid="3739" ordinal="5" offset="51" path="1" />
                <BranchPoint vc="0" uspid="3740" ordinal="6" offset="77" path="0" />
                <BranchPoint vc="0" uspid="3741" ordinal="7" offset="77" path="1" />
              </BranchPoints>
              <MethodPoint xsi:type="SequencePoint" vc="0" uspid="3725" ordinal="0" offset="0" sl="117" sc="49" el="117" ec="50" />
            </Method>
            <Method visited="false" cyclomaticComplexity="1" sequenceCoverage="0" branchCoverage="0" isConstructor="false" isStatic="false" isGetter="false" isSetter="false">
              <Summary numSequencePoints="5" visitedSequencePoints="0" numBranchPoints="1" visitedBranchPoints="0" sequenceCoverage="0" branchCoverage="0" maxCyclomaticComplexity="1" minCyclomaticComplexity="1" />
              <MetadataToken>100663773</MetadataToken>
              <Name>System.String CombinifyWpf.Utils.ColorCompressor::CompressRgb(System.Byte[])</Name>
              <FileRef uid="58" />
              <SequencePoints>
                <SequencePoint vc="0" uspid="3742" ordinal="0" offset="0" sl="132" sc="49" el="132" ec="50" />
                <SequencePoint vc="0" uspid="3743" ordinal="1" offset="1" sl="133" sc="13" el="133" ec="50" />
                <SequencePoint vc="0" uspid="3744" ordinal="2" offset="7" sl="134" sc="13" el="134" ec="59" />
                <SequencePoint vc="0" uspid="3745" ordinal="3" offset="15" sl="135" sc="13" el="135" ec="39" />
                <SequencePoint vc="0" uspid="3746" ordinal="4" offset="25" sl="136" sc="9" el="136" ec="10" />
              </SequencePoints>
              <BranchPoints />
              <MethodPoint xsi:type="SequencePoint" vc="0" uspid="3742" ordinal="0" offset="0" sl="132" sc="49" el="132" ec="50" />
            </Method>
            <Method visited="false" cyclomaticComplexity="1" sequenceCoverage="0" branchCoverage="0" isConstructor="false" isStatic="false" isGetter="false" isSetter="false">
              <Summary numSequencePoints="5" visitedSequencePoints="0" numBranchPoints="1" visitedBranchPoints="0" sequenceCoverage="0" branchCoverage="0" maxCyclomaticComplexity="1" minCyclomaticComplexity="1" />
              <MetadataToken>100663774</MetadataToken>
              <Name>System.String CombinifyWpf.Utils.ColorCompressor::CompressHsl(System.Single,System.Single,System.Single)</Name>
              <FileRef uid="58" />
              <SequencePoints>
                <SequencePoint vc="0" uspid="3747" ordinal="0" offset="0" sl="145" sc="64" el="145" ec="65" />
                <SequencePoint vc="0" uspid="3748" ordinal="1" offset="1" sl="146" sc="13" el="146" ec="50" />
                <SequencePoint vc="0" uspid="3749" ordinal="2" offset="7" sl="147" sc="13" el="147" ec="63" />
                <SequencePoint vc="0" uspid="3750" ordinal="3" offset="17" sl="148" sc="13" el="148" ec="39" />
                <SequencePoint vc="0" uspid="3751" ordinal="4" offset="27" sl="149" sc="9" el="149" ec="10" />
              </SequencePoints>
              <BranchPoints />
              <MethodPoint xsi:type="SequencePoint" vc="0" uspid="3747" ordinal="0" offset="0" sl="145" sc="64" el="145" ec="65" />
            </Method>
            <Method visited="false" cyclomaticComplexity="2" sequenceCoverage="0" branchCoverage="0" isConstructor="false" isStatic="false" isGetter="false" isSetter="false">
              <Summary numSequencePoints="7" visitedSequencePoints="0" numBranchPoints="3" visitedBranchPoints="0" sequenceCoverage="0" branchCoverage="0" maxCyclomaticComplexity="2" minCyclomaticComplexity="2" />
              <MetadataToken>100663775</MetadataToken>
              <Name>System.String CombinifyWpf.Utils.ColorCompressor::SwapOutHex(System.String)</Name>
              <FileRef uid="58" />
              <SequencePoints>
                <SequencePoint vc="0" uspid="3752" ordinal="0" offset="0" sl="158" sc="48" el="158" ec="49" />
                <SequencePoint vc="0" uspid="3753" ordinal="1" offset="1" sl="159" sc="13" el="159" ec="61" />
                <SequencePoint vc="0" uspid="3754" ordinal="2" offset="25" sl="159" sc="62" el="159" ec="63" />
                <SequencePoint vc="0" uspid="3755" ordinal="3" offset="26" sl="160" sc="17" el="160" ec="53" />
                <SequencePoint vc="0" uspid="3756" ordinal="4" offset="41" sl="162" sc="18" el="162" ec="19" />
                <SequencePoint vc="0" uspid="3757" ordinal="5" offset="42" sl="163" sc="17" el="163" ec="28" />
                <SequencePoint vc="0" uspid="3758" ordinal="6" offset="46" sl="165" sc="9" el="165" ec="10" />
              </SequencePoints>
              <BranchPoints>
                <BranchPoint vc="0" uspid="3759" ordinal="0" offset="23" path="0" />
                <BranchPoint vc="0" uspid="3760" ordinal="1" offset="23" path="1" />
              </BranchPoints>
              <MethodPoint xsi:type="SequencePoint" vc="0" uspid="3752" ordinal="0" offset="0" sl="158" sc="48" el="158" ec="49" />
            </Method>
            <Method visited="false" cyclomaticComplexity="2" sequenceCoverage="0" branchCoverage="0" isConstructor="false" isStatic="false" isGetter="false" isSetter="false">
              <Summary numSequencePoints="10" visitedSequencePoints="0" numBranchPoints="3" visitedBranchPoints="0" sequenceCoverage="0" branchCoverage="0" maxCyclomaticComplexity="2" minCyclomaticComplexity="2" />
              <MetadataToken>100663776</MetadataToken>
              <Name>System.String CombinifyWpf.Utils.ColorCompressor::SwapOutNames(System.String)</Name>
              <FileRef uid="58" />
              <SequencePoints>
                <SequencePoint vc="0" uspid="3761" ordinal="0" offset="0" sl="174" sc="50" el="174" ec="51" />
                <SequencePoint vc="0" uspid="3762" ordinal="1" offset="1" sl="175" sc="13" el="175" ec="20" />
                <SequencePoint vc="0" uspid="3763" ordinal="2" offset="2" sl="175" sc="33" el="175" ec="53" />
                <SequencePoint vc="0" uspid="3764" ordinal="3" offset="16" sl="175" sc="22" el="175" ec="29" />
                <SequencePoint vc="0" uspid="3765" ordinal="4" offset="24" sl="175" sc="56" el="175" ec="57" />
                <SequencePoint vc="0" uspid="3766" ordinal="5" offset="25" sl="176" sc="17" el="176" ec="99" />
                <SequencePoint vc="0" uspid="3767" ordinal="6" offset="62" sl="177" sc="13" el="177" ec="14" />
                <SequencePoint vc="0" uspid="3768" ordinal="7" offset="63" sl="175" sc="30" el="175" ec="32" />
                <SequencePoint vc="0" uspid="3769" ordinal="8" offset="92" sl="179" sc="13" el="179" ec="24" />
                <SequencePoint vc="0" uspid="3770" ordinal="9" offset="96" sl="180" sc="9" el="180" ec="10" />
              </SequencePoints>
              <BranchPoints>
                <BranchPoint vc="0" uspid="3771" ordinal="0" offset="72" path="0" />
                <BranchPoint vc="0" uspid="3772" ordinal="1" offset="72" path="1" />
              </BranchPoints>
              <MethodPoint xsi:type="SequencePoint" vc="0" uspid="3761" ordinal="0" offset="0" sl="174" sc="50" el="174" ec="51" />
            </Method>
          </Methods>
        </Class>
        <Class>
          <Summary numSequencePoints="15" visitedSequencePoints="0" numBranchPoints="5" visitedBranchPoints="0" sequenceCoverage="0" branchCoverage="0" maxCyclomaticComplexity="1" minCyclomaticComplexity="1" />
          <FullName>XamlGeneratedNamespace.GeneratedInternalTypeHelper</FullName>
          <Methods>
            <Method visited="false" cyclomaticComplexity="1" sequenceCoverage="0" branchCoverage="0" isConstructor="false" isStatic="false" isGetter="false" isSetter="false">
              <Summary numSequencePoints="3" visitedSequencePoints="0" numBranchPoints="1" visitedBranchPoints="0" sequenceCoverage="0" branchCoverage="0" maxCyclomaticComplexity="1" minCyclomaticComplexity="1" />
              <MetadataToken>100663777</MetadataToken>
              <Name>System.Object XamlGeneratedNamespace.GeneratedInternalTypeHelper::CreateInstance(System.Type,System.Globalization.CultureInfo)</Name>
              <FileRef uid="59" />
              <SequencePoints>
                <SequencePoint vc="0" uspid="3773" ordinal="0" offset="0" sl="25" sc="110" el="25" ec="111" />
                <SequencePoint vc="0" uspid="3774" ordinal="1" offset="1" sl="26" sc="13" el="27" ec="144" />
                <SequencePoint vc="0" uspid="3775" ordinal="2" offset="18" sl="28" sc="9" el="28" ec="10" />
              </SequencePoints>
              <BranchPoints />
              <MethodPoint xsi:type="SequencePoint" vc="0" uspid="3773" ordinal="0" offset="0" sl="25" sc="110" el="25" ec="111" />
            </Method>
            <Method visited="false" cyclomaticComplexity="1" sequenceCoverage="0" branchCoverage="0" isConstructor="false" isStatic="false" isGetter="false" isSetter="false">
              <Summary numSequencePoints="3" visitedSequencePoints="0" numBranchPoints="1" visitedBranchPoints="0" sequenceCoverage="0" branchCoverage="0" maxCyclomaticComplexity="1" minCyclomaticComplexity="1" />
              <MetadataToken>100663778</MetadataToken>
              <Name>System.Object XamlGeneratedNamespace.GeneratedInternalTypeHelper::GetPropertyValue(System.Reflection.PropertyInfo,System.Object,System.Globalization.CultureInfo)</Name>
              <FileRef uid="59" />
              <SequencePoints>
                <SequencePoint vc="0" uspid="3776" ordinal="0" offset="0" sl="33" sc="154" el="33" ec="155" />
                <SequencePoint vc="0" uspid="3777" ordinal="1" offset="1" sl="34" sc="13" el="34" ec="111" />
                <SequencePoint vc="0" uspid="3778" ordinal="2" offset="15" sl="35" sc="9" el="35" ec="10" />
              </SequencePoints>
              <BranchPoints />
              <MethodPoint xsi:type="SequencePoint" vc="0" uspid="3776" ordinal="0" offset="0" sl="33" sc="154" el="33" ec="155" />
            </Method>
            <Method visited="false" cyclomaticComplexity="1" sequenceCoverage="0" branchCoverage="0" isConstructor="false" isStatic="false" isGetter="false" isSetter="false">
              <Summary numSequencePoints="3" visitedSequencePoints="0" numBranchPoints="1" visitedBranchPoints="0" sequenceCoverage="0" branchCoverage="0" maxCyclomaticComplexity="1" minCyclomaticComplexity="1" />
              <MetadataToken>100663779</MetadataToken>
              <Name>System.Void XamlGeneratedNamespace.GeneratedInternalTypeHelper::SetPropertyValue(System.Reflection.PropertyInfo,System.Object,System.Object,System.Globalization.CultureInfo)</Name>
              <FileRef uid="59" />
              <SequencePoints>
                <SequencePoint vc="0" uspid="3779" ordinal="0" offset="0" sl="40" sc="166" el="40" ec="167" />
                <SequencePoint vc="0" uspid="3780" ordinal="1" offset="1" sl="41" sc="13" el="41" ec="111" />
                <SequencePoint vc="0" uspid="3781" ordinal="2" offset="15" sl="42" sc="9" el="42" ec="10" />
              </SequencePoints>
              <BranchPoints />
              <MethodPoint xsi:type="SequencePoint" vc="0" uspid="3779" ordinal="0" offset="0" sl="40" sc="166" el="40" ec="167" />
            </Method>
            <Method visited="false" cyclomaticComplexity="1" sequenceCoverage="0" branchCoverage="0" isConstructor="false" isStatic="false" isGetter="false" isSetter="false">
              <Summary numSequencePoints="3" visitedSequencePoints="0" numBranchPoints="1" visitedBranchPoints="0" sequenceCoverage="0" branchCoverage="0" maxCyclomaticComplexity="1" minCyclomaticComplexity="1" />
              <MetadataToken>100663780</MetadataToken>
              <Name>System.Delegate XamlGeneratedNamespace.GeneratedInternalTypeHelper::CreateDelegate(System.Type,System.Object,System.String)</Name>
              <FileRef uid="59" />
              <SequencePoints>
                <SequencePoint vc="0" uspid="3782" ordinal="0" offset="0" sl="47" sc="116" el="47" ec="117" />
                <SequencePoint vc="0" uspid="3783" ordinal="1" offset="1" sl="48" sc="13" el="51" ec="43" />
                <SequencePoint vc="0" uspid="3784" ordinal="2" offset="49" sl="52" sc="9" el="52" ec="10" />
              </SequencePoints>
              <BranchPoints />
              <MethodPoint xsi:type="SequencePoint" vc="0" uspid="3782" ordinal="0" offset="0" sl="47" sc="116" el="47" ec="117" />
            </Method>
            <Method visited="false" cyclomaticComplexity="1" sequenceCoverage="0" branchCoverage="0" isConstructor="false" isStatic="false" isGetter="false" isSetter="false">
              <Summary numSequencePoints="3" visitedSequencePoints="0" numBranchPoints="1" visitedBranchPoints="0" sequenceCoverage="0" branchCoverage="0" maxCyclomaticComplexity="1" minCyclomaticComplexity="1" />
              <MetadataToken>100663781</MetadataToken>
              <Name>System.Void XamlGeneratedNamespace.GeneratedInternalTypeHelper::AddEventHandler(System.Reflection.EventInfo,System.Object,System.Delegate)</Name>
              <FileRef uid="59" />
              <SequencePoints>
                <SequencePoint vc="0" uspid="3785" ordinal="0" offset="0" sl="57" sc="128" el="57" ec="129" />
                <SequencePoint vc="0" uspid="3786" ordinal="1" offset="1" sl="58" sc="13" el="58" ec="56" />
                <SequencePoint vc="0" uspid="3787" ordinal="2" offset="10" sl="59" sc="9" el="59" ec="10" />
              </SequencePoints>
              <BranchPoints />
              <MethodPoint xsi:type="SequencePoint" vc="0" uspid="3785" ordinal="0" offset="0" sl="57" sc="128" el="57" ec="129" />
            </Method>
            <Method visited="false" cyclomaticComplexity="1" sequenceCoverage="0" branchCoverage="0" isConstructor="true" isStatic="false" isGetter="false" isSetter="false">
              <Summary numSequencePoints="0" visitedSequencePoints="0" numBranchPoints="0" visitedBranchPoints="0" sequenceCoverage="0" branchCoverage="0" maxCyclomaticComplexity="1" minCyclomaticComplexity="1" />
              <MetadataToken>100663782</MetadataToken>
              <Name>System.Void XamlGeneratedNamespace.GeneratedInternalTypeHelper::.ctor()</Name>
              <SequencePoints />
              <BranchPoints />
              <MethodPoint vc="0" uspid="3788" ordinal="0" offset="0" />
            </Method>
          </Methods>
        </Class>
      </Classes>
    </Module>
    <Module skippedDueTo="Filter" hash="58-95-C1-AF-C4-E5-C6-BB-F3-54-7A-B0-3C-B7-C6-29-C9-42-CA-D4">
      <FullName>C:\Windows\Microsoft.Net\assembly\GAC_MSIL\System.Core\v4.0_4.0.0.0__b77a5c561934e089\System.Core.dll</FullName>
      <ModuleName>System.Core</ModuleName>
      <Classes />
    </Module>
  </Modules>
</CoverageSession>